
PROGRAM: T-COFFEE Version_11.00 (Version_11.00)
-full_log      	S	[0] 
-genepred_score	S	[0] 	nsd
-run_name      	S	[1] 	result
-mem_mode      	S	[0] 	mem
-extend        	D	[1] 	1 
-extend_mode   	S	[0] 	very_fast_triplet
-max_n_pair    	D	[0] 	10 
-seq_name_for_quadruplet	S	[0] 	all
-compact       	S	[0] 	default
-clean         	S	[0] 	no
-do_self       	FL	[0] 	0
-do_normalise  	D	[0] 	1000 
-template_file 	S	[0] 
-setenv        	S	[0] 	0
-export        	S	[0] 	0
-template_mode 	S	[0] 
-flip          	D	[0] 	0 
-remove_template_file	D	[0] 	0 
-profile_template_file	S	[0] 
-in            	S	[1] 	SomatotropinTogether.txt
-seq           	S	[0] 
-aln           	S	[0] 
-method_limits 	S	[0] 
-method        	S	[0] 
-lib           	S	[0] 
-profile       	S	[0] 
-profile1      	S	[0] 
-profile2      	S	[0] 
-pdb           	S	[0] 
-relax_lib     	D	[0] 	1 
-filter_lib    	D	[0] 	0 
-shrink_lib    	D	[0] 	0 
-out_lib       	W_F	[0] 	no
-out_lib_mode  	S	[0] 	primary
-lib_only      	D	[0] 	0 
-outseqweight  	W_F	[0] 	no
-dpa           	FL	[0] 	0
-seq_source    	S	[0] 	ANY
-cosmetic_penalty	D	[0] 	0 
-gapopen       	D	[0] 	0 
-gapext        	D	[0] 	0 
-fgapopen      	D	[0] 	0 
-fgapext       	D	[0] 	0 
-nomatch       	D	[0] 	0 
-newtree       	W_F	[0] 	default
-tree          	W_F	[0] 	NO
-usetree       	R_F	[0] 
-tree_mode     	S	[0] 	nj
-distance_matrix_mode	S	[0] 	ktup
-distance_matrix_sim_mode	S	[0] 	idmat_sim1
-quicktree     	FL	[0] 	0
-outfile       	W_F	[0] 	default
-maximise      	FL	[1] 	1
-output        	S	[1] 	score_html	clustalw_aln	fasta_aln	score_ascii	phylip
-len           	D	[0] 	0 
-infile        	R_F	[0] 
-matrix        	S	[0] 	default
-tg_mode       	D	[0] 	1 
-profile_mode  	S	[0] 	cw_profile_profile
-profile_comparison	S	[0] 	profile
-dp_mode       	S	[0] 	linked_pair_wise
-ktuple        	D	[0] 	1 
-ndiag         	D	[0] 	0 
-diag_threshold	D	[0] 	0 
-diag_mode     	D	[0] 	0 
-sim_matrix    	S	[0] 	vasiliky
-transform     	S	[0] 
-extend_seq    	FL	[0] 	0
-outorder      	S	[1] 	input
-inorder       	S	[0] 	aligned
-seqnos        	S	[1] 	off
-case          	S	[1] 	upper
-cpu           	D	[0] 	0 
-ulimit        	D	[0] 	-1 
-maxnseq       	D	[1] 	150 
-maxlen        	D	[1] 	10000 
-sample_dp     	D	[0] 	0 
-weight        	S	[0] 	default
-seq_weight    	S	[0] 	no
-align         	FL	[1] 	1
-mocca         	FL	[0] 	0
-domain        	FL	[0] 	0
-start         	D	[0] 	0 
-len           	D	[0] 	0 
-scale         	D	[0] 	0 
-mocca_interactive	FL	[0] 	0
-method_evaluate_mode	S	[0] 	default
-color_mode    	S	[0] 	new
-aln_line_length	D	[0] 	0 
-evaluate_mode 	S	[0] 	triplet
-get_type      	FL	[0] 	0
-clean_aln     	D	[0] 	0 
-clean_threshold	D	[1] 	1 
-clean_iteration	D	[1] 	1 
-clean_evaluate_mode	S	[0] 	t_coffee_fast
-extend_matrix 	FL	[0] 	0
-prot_min_sim  	D	[40] 	40 
-prot_max_sim  	D	[90] 	90 
-prot_trim     	D	[20] 	20 
-prot_min_cov  	D	[40] 	40 
-pdb_type      	S	[0] 	d
-pdb_min_sim   	D	[35] 	35 
-pdb_max_sim   	D	[100] 	100 
-pdb_min_cov   	D	[50] 	50 
-pdb_blast_server	W_F	[0] 	EBI
-blast         	W_F	[0] 
-blast_server  	W_F	[0] 	EBI
-pdb_db        	W_F	[0] 	pdb
-protein_db    	W_F	[0] 	uniprot
-method_log    	W_F	[0] 	no
-struc_to_use  	S	[0] 
-cache         	W_F	[0] 	use
-align_pdb_param_file	W_F	[0] 	no
-align_pdb_hasch_mode	W_F	[0] 	hasch_ca_trace_bubble
-external_aligner	S	[0] 	NO
-msa_mode      	S	[0] 	tree
-et_mode       	S	[0] 	et
-master        	S	[0] 	no
-blast_nseq    	D	[0] 	0 
-lalign_n_top  	D	[0] 	10 
-iterate       	D	[0] 	0 
-trim          	D	[0] 	0 
-split         	D	[0] 	0 
-trimfile      	S	[0] 	default
-split         	D	[0] 	0 
-split_nseq_thres	D	[0] 	0 
-split_score_thres	D	[0] 	0 
-check_pdb_status	D	[0] 	0 
-clean_seq_name	D	[0] 	0 
-seq_to_keep   	S	[0] 
-dpa_master_aln	S	[0] 
-dpa_maxnseq   	D	[0] 	0 
-dpa_min_score1	D	[0] 
-dpa_min_score2	D	[0] 
-dpa_keep_tmpfile	FL	[0] 	0
-dpa_debug     	D	[0] 	0 
-multi_core    	S	[1] 	4
-n_core        	D	[0] 	0 
-max_n_proc    	D	[0] 	0 
-lib_list      	S	[0] 
-prune_lib_mode	S	[0] 	5
-tip           	S	[0] 	none
-rna_lib       	S	[0] 
-no_warning    	D	[0] 	0 
-run_local_script	D	[0] 	0 
-plugins       	S	[0] 	default
-proxy         	S	[0] 	unset
-email         	S	[0] 
-clean_overaln 	D	[0] 	0 
-overaln_param 	S	[0] 
-overaln_mode  	S	[0] 
-overaln_model 	S	[0] 
-overaln_threshold	D	[0] 	0 
-overaln_target	D	[0] 	0 
-overaln_P1    	D	[0] 	0 
-overaln_P2    	D	[0] 	0 
-overaln_P3    	D	[0] 	0 
-overaln_P4    	D	[0] 	0 
-exon_boundaries	S	[0] 
-dump          	S	[0] 	no
-display       	D	[0] 	100 

INPUT FILES
	Input File (S) SomatotropinTogether.txt  Format fasta_seq
	Input File (M) proba_pair 

Identify Master Sequences [no]:

Master Sequences Identified
INPUT SEQUENCES: 8 SEQUENCES  [PROTEIN]
  Input File SomatotropinTogether.txt Seq sp|P01241|SOMA_HUMAN Length  217 type PROTEIN Struct Unchecked
  Input File SomatotropinTogether.txt Seq sp|P01245|SOMA_HORSE Length  216 type PROTEIN Struct Unchecked
  Input File SomatotropinTogether.txt Seq sp|P10814|SOMA_SALSA Length  210 type PROTEIN Struct Unchecked
  Input File SomatotropinTogether.txt Seq sp|P34005|SOMA_CHEMY Length  191 type PROTEIN Struct Unchecked
  Input File SomatotropinTogether.txt Seq sp|P55755|SOMA_CRONO Length  190 type PROTEIN Struct Unchecked
  Input File SomatotropinTogether.txt Seq sp|P58343|SOMA_SAIBB Length  217 type PROTEIN Struct Unchecked
  Input File SomatotropinTogether.txt Seq sp|Q7YRR6|SOMA_CAMDR Length  216 type PROTEIN Struct Unchecked
  Input File SomatotropinTogether.txt Seq sp|Q9GMB2|SOMA_NYCPY Length  217 type PROTEIN Struct Unchecked

	Multi Core Mode: 16 processors:

PROGRAM: T-COFFEE Version_11.00 (Version_11.00)
-full_log      	S	[0] 
-genepred_score	S	[0] 	nsd
-run_name      	S	[1] 	result
-mem_mode      	S	[0] 	mem
-extend        	D	[1] 	1 
-extend_mode   	S	[0] 	very_fast_triplet
-max_n_pair    	D	[0] 	10 
-seq_name_for_quadruplet	S	[0] 	all
-compact       	S	[0] 	default
-clean         	S	[0] 	no
-do_self       	FL	[0] 	0
-do_normalise  	D	[0] 	1000 
-template_file 	S	[0] 
-setenv        	S	[0] 	0
-export        	S	[0] 	0
-template_mode 	S	[0] 
-flip          	D	[0] 	0 
-remove_template_file	D	[0] 	0 
-profile_template_file	S	[0] 
-in            	S	[1] 	SomatotropinTogether.txt
-seq           	S	[0] 
-aln           	S	[0] 
-method_limits 	S	[0] 
-method        	S	[0] 
-lib           	S	[0] 
-profile       	S	[0] 
-profile1      	S	[0] 
-profile2      	S	[0] 
-pdb           	S	[0] 
-relax_lib     	D	[0] 	1 
-filter_lib    	D	[0] 	0 
-shrink_lib    	D	[0] 	0 
-out_lib       	W_F	[0] 	no
-out_lib_mode  	S	[0] 	primary
-lib_only      	D	[0] 	0 
-outseqweight  	W_F	[0] 	no
-dpa           	FL	[0] 	0
-seq_source    	S	[0] 	ANY
-cosmetic_penalty	D	[0] 	0 
-gapopen       	D	[0] 	0 
-gapext        	D	[0] 	0 
-fgapopen      	D	[0] 	0 
-fgapext       	D	[0] 	0 
-nomatch       	D	[0] 	0 
-newtree       	W_F	[0] 	default
-tree          	W_F	[0] 	NO
-usetree       	R_F	[0] 
-tree_mode     	S	[0] 	nj
-distance_matrix_mode	S	[0] 	ktup
-distance_matrix_sim_mode	S	[0] 	idmat_sim1
-quicktree     	FL	[0] 	0
-outfile       	W_F	[0] 	default
-maximise      	FL	[1] 	1
-output        	S	[1] 	score_html	clustalw_aln	fasta_aln	score_ascii	phylip
-len           	D	[0] 	0 
-infile        	R_F	[0] 
-matrix        	S	[0] 	default
-tg_mode       	D	[0] 	1 
-profile_mode  	S	[0] 	cw_profile_profile
-profile_comparison	S	[0] 	profile
-dp_mode       	S	[0] 	linked_pair_wise
-ktuple        	D	[0] 	1 
-ndiag         	D	[0] 	0 
-diag_threshold	D	[0] 	0 
-diag_mode     	D	[0] 	0 
-sim_matrix    	S	[0] 	vasiliky
-transform     	S	[0] 
-extend_seq    	FL	[0] 	0
-outorder      	S	[1] 	input
-inorder       	S	[0] 	aligned
-seqnos        	S	[1] 	off
-case          	S	[1] 	upper
-cpu           	D	[0] 	0 
-ulimit        	D	[0] 	-1 
-maxnseq       	D	[1] 	150 
-maxlen        	D	[1] 	10000 
-sample_dp     	D	[0] 	0 
-weight        	S	[0] 	default
-seq_weight    	S	[0] 	no
-align         	FL	[1] 	1
-mocca         	FL	[0] 	0
-domain        	FL	[0] 	0
-start         	D	[0] 	0 
-len           	D	[0] 	0 
-scale         	D	[0] 	0 
-mocca_interactive	FL	[0] 	0
-method_evaluate_mode	S	[0] 	default
-color_mode    	S	[0] 	new
-aln_line_length	D	[0] 	0 
-evaluate_mode 	S	[0] 	triplet
-get_type      	FL	[0] 	0
-clean_aln     	D	[0] 	0 
-clean_threshold	D	[1] 	1 
-clean_iteration	D	[1] 	1 
-clean_evaluate_mode	S	[0] 	t_coffee_fast
-extend_matrix 	FL	[0] 	0
-prot_min_sim  	D	[40] 	40 
-prot_max_sim  	D	[90] 	90 
-prot_trim     	D	[20] 	20 
-prot_min_cov  	D	[40] 	40 
-pdb_type      	S	[0] 	d
-pdb_min_sim   	D	[35] 	35 
-pdb_max_sim   	D	[100] 	100 
-pdb_min_cov   	D	[50] 	50 
-pdb_blast_server	W_F	[0] 	EBI
-blast         	W_F	[0] 
-blast_server  	W_F	[0] 	EBI
-pdb_db        	W_F	[0] 	pdb
-protein_db    	W_F	[0] 	uniprot
-method_log    	W_F	[0] 	no
-struc_to_use  	S	[0] 
-cache         	W_F	[0] 	use
-align_pdb_param_file	W_F	[0] 	no
-align_pdb_hasch_mode	W_F	[0] 	hasch_ca_trace_bubble
-external_aligner	S	[0] 	NO
-msa_mode      	S	[0] 	tree
-et_mode       	S	[0] 	et
-master        	S	[0] 	no
-blast_nseq    	D	[0] 	0 
-lalign_n_top  	D	[0] 	10 
-iterate       	D	[0] 	0 
-trim          	D	[0] 	0 
-split         	D	[0] 	0 
-trimfile      	S	[0] 	default
-split         	D	[0] 	0 
-split_nseq_thres	D	[0] 	0 
-split_score_thres	D	[0] 	0 
-check_pdb_status	D	[0] 	0 
-clean_seq_name	D	[0] 	0 
-seq_to_keep   	S	[0] 
-dpa_master_aln	S	[0] 
-dpa_maxnseq   	D	[0] 	0 
-dpa_min_score1	D	[0] 
-dpa_min_score2	D	[0] 
-dpa_keep_tmpfile	FL	[0] 	0
-dpa_debug     	D	[0] 	0 
-multi_core    	S	[1] 	4
-n_core        	D	[0] 	0 
-max_n_proc    	D	[0] 	0 
-lib_list      	S	[0] 
-prune_lib_mode	S	[0] 	5
-tip           	S	[0] 	none
-rna_lib       	S	[0] 
-no_warning    	D	[0] 	0 
-run_local_script	D	[0] 	0 
-plugins       	S	[0] 	default
-proxy         	S	[0] 	unset
-email         	S	[0] 
-clean_overaln 	D	[0] 	0 
-overaln_param 	S	[0] 
-overaln_mode  	S	[0] 
-overaln_model 	S	[0] 
-overaln_threshold	D	[0] 	0 
-overaln_target	D	[0] 	0 
-overaln_P1    	D	[0] 	0 
-overaln_P2    	D	[0] 	0 
-overaln_P3    	D	[0] 	0 
-overaln_P4    	D	[0] 	0 
-exon_boundaries	S	[0] 
-dump          	S	[0] 	no
-display       	D	[0] 	100 

INPUT FILES
	Input File (S) SomatotropinTogether.txt  Format fasta_seq
	Input File (M) proba_pair 

Identify Master Sequences [no]:

Master Sequences Identified
INPUT SEQUENCES: 8 SEQUENCES  [PROTEIN]
  Input File SomatotropinTogether.txt Seq sp|P01241|SOMA_HUMAN Length  217 type PROTEIN Struct Unchecked
  Input File SomatotropinTogether.txt Seq sp|P01245|SOMA_HORSE Length  216 type PROTEIN Struct Unchecked
  Input File SomatotropinTogether.txt Seq sp|P10814|SOMA_SALSA Length  210 type PROTEIN Struct Unchecked
  Input File SomatotropinTogether.txt Seq sp|P34005|SOMA_CHEMY Length  191 type PROTEIN Struct Unchecked
  Input File SomatotropinTogether.txt Seq sp|P55755|SOMA_CRONO Length  190 type PROTEIN Struct Unchecked
  Input File SomatotropinTogether.txt Seq sp|P58343|SOMA_SAIBB Length  217 type PROTEIN Struct Unchecked
  Input File SomatotropinTogether.txt Seq sp|Q7YRR6|SOMA_CAMDR Length  216 type PROTEIN Struct Unchecked
  Input File SomatotropinTogether.txt Seq sp|Q9GMB2|SOMA_NYCPY Length  217 type PROTEIN Struct Unchecked

	Multi Core Mode: 16 processors:

	--- Process Method/Library/Aln SSomatotropinTogether.txt
PROGRAM: T-COFFEE Version_11.00 (Version_11.00)
-full_log      	S	[0] 
-genepred_score	S	[0] 	nsd
-run_name      	S	[1] 	result
-mem_mode      	S	[0] 	mem
-extend        	D	[1] 	1 
-extend_mode   	S	[0] 	very_fast_triplet
-max_n_pair    	D	[0] 	10 
-seq_name_for_quadruplet	S	[0] 	all
-compact       	S	[0] 	default
-clean         	S	[0] 	no
-do_self       	FL	[0] 	0
-do_normalise  	D	[0] 	1000 
-template_file 	S	[0] 
-setenv        	S	[0] 	0
-export        	S	[0] 	0
-template_mode 	S	[0] 
-flip          	D	[0] 	0 
-remove_template_file	D	[0] 	0 
-profile_template_file	S	[0] 
-in            	S	[1] 	SomatotropinTogether.txt
-seq           	S	[0] 
-aln           	S	[0] 
-method_limits 	S	[0] 
-method        	S	[0] 
-lib           	S	[0] 
-profile       	S	[0] 
-profile1      	S	[0] 
-profile2      	S	[0] 
-pdb           	S	[0] 
-relax_lib     	D	[0] 	1 
-filter_lib    	D	[0] 	0 
-shrink_lib    	D	[0] 	0 
-out_lib       	W_F	[0] 	no
-out_lib_mode  	S	[0] 	primary
-lib_only      	D	[0] 	0 
-outseqweight  	W_F	[0] 	no
-dpa           	FL	[0] 	0
-seq_source    	S	[0] 	ANY
-cosmetic_penalty	D	[0] 	0 
-gapopen       	D	[0] 	0 
-gapext        	D	[0] 	0 
-fgapopen      	D	[0] 	0 
-fgapext       	D	[0] 	0 
-nomatch       	D	[0] 	0 
-newtree       	W_F	[0] 	default
-tree          	W_F	[0] 	NO
-usetree       	R_F	[0] 
-tree_mode     	S	[0] 	nj
-distance_matrix_mode	S	[0] 	ktup
-distance_matrix_sim_mode	S	[0] 	idmat_sim1
-quicktree     	FL	[0] 	0
-outfile       	W_F	[0] 	default
-maximise      	FL	[1] 	1
-output        	S	[1] 	score_html	clustalw_aln	fasta_aln	score_ascii	phylip
-len           	D	[0] 	0 
-infile        	R_F	[0] 
-matrix        	S	[0] 	default
-tg_mode       	D	[0] 	1 
-profile_mode  	S	[0] 	cw_profile_profile
-profile_comparison	S	[0] 	profile
-dp_mode       	S	[0] 	linked_pair_wise
-ktuple        	D	[0] 	1 
-ndiag         	D	[0] 	0 
-diag_threshold	D	[0] 	0 
-diag_mode     	D	[0] 	0 
-sim_matrix    	S	[0] 	vasiliky
-transform     	S	[0] 
-extend_seq    	FL	[0] 	0
-outorder      	S	[1] 	input
-inorder       	S	[0] 	aligned
-seqnos        	S	[1] 	off
-case          	S	[1] 	upper
-cpu           	D	[0] 	0 
-ulimit        	D	[0] 	-1 
-maxnseq       	D	[1] 	150 
-maxlen        	D	[1] 	10000 
-sample_dp     	D	[0] 	0 
-weight        	S	[0] 	default
-seq_weight    	S	[0] 	no
-align         	FL	[1] 	1
-mocca         	FL	[0] 	0
-domain        	FL	[0] 	0
-start         	D	[0] 	0 
-len           	D	[0] 	0 
-scale         	D	[0] 	0 
-mocca_interactive	FL	[0] 	0
-method_evaluate_mode	S	[0] 	default
-color_mode    	S	[0] 	new
-aln_line_length	D	[0] 	0 
-evaluate_mode 	S	[0] 	triplet
-get_type      	FL	[0] 	0
-clean_aln     	D	[0] 	0 
-clean_threshold	D	[1] 	1 
-clean_iteration	D	[1] 	1 
-clean_evaluate_mode	S	[0] 	t_coffee_fast
-extend_matrix 	FL	[0] 	0
-prot_min_sim  	D	[40] 	40 
-prot_max_sim  	D	[90] 	90 
-prot_trim     	D	[20] 	20 
-prot_min_cov  	D	[40] 	40 
-pdb_type      	S	[0] 	d
-pdb_min_sim   	D	[35] 	35 
-pdb_max_sim   	D	[100] 	100 
-pdb_min_cov   	D	[50] 	50 
-pdb_blast_server	W_F	[0] 	EBI
-blast         	W_F	[0] 
-blast_server  	W_F	[0] 	EBI
-pdb_db        	W_F	[0] 	pdb
-protein_db    	W_F	[0] 	uniprot
-method_log    	W_F	[0] 	no
-struc_to_use  	S	[0] 
-cache         	W_F	[0] 	use
-align_pdb_param_file	W_F	[0] 	no
-align_pdb_hasch_mode	W_F	[0] 	hasch_ca_trace_bubble
-external_aligner	S	[0] 	NO
-msa_mode      	S	[0] 	tree
-et_mode       	S	[0] 	et
-master        	S	[0] 	no
-blast_nseq    	D	[0] 	0 
-lalign_n_top  	D	[0] 	10 
-iterate       	D	[0] 	0 
-trim          	D	[0] 	0 
-split         	D	[0] 	0 
-trimfile      	S	[0] 	default
-split         	D	[0] 	0 
-split_nseq_thres	D	[0] 	0 
-split_score_thres	D	[0] 	0 
-check_pdb_status	D	[0] 	0 
-clean_seq_name	D	[0] 	0 
-seq_to_keep   	S	[0] 
-dpa_master_aln	S	[0] 
-dpa_maxnseq   	D	[0] 	0 
-dpa_min_score1	D	[0] 
-dpa_min_score2	D	[0] 
-dpa_keep_tmpfile	FL	[0] 	0
-dpa_debug     	D	[0] 	0 
-multi_core    	S	[1] 	4
-n_core        	D	[0] 	0 
-max_n_proc    	D	[0] 	0 
-lib_list      	S	[0] 
-prune_lib_mode	S	[0] 	5
-tip           	S	[0] 	none
-rna_lib       	S	[0] 
-no_warning    	D	[0] 	0 
-run_local_script	D	[0] 	0 
-plugins       	S	[0] 	default
-proxy         	S	[0] 	unset
-email         	S	[0] 
-clean_overaln 	D	[0] 	0 
-overaln_param 	S	[0] 
-overaln_mode  	S	[0] 
-overaln_model 	S	[0] 
-overaln_threshold	D	[0] 	0 
-overaln_target	D	[0] 	0 
-overaln_P1    	D	[0] 	0 
-overaln_P2    	D	[0] 	0 
-overaln_P3    	D	[0] 	0 
-overaln_P4    	D	[0] 	0 
-exon_boundaries	S	[0] 
-dump          	S	[0] 	no
-display       	D	[0] 	100 

INPUT FILES
	Input File (S) SomatotropinTogether.txt  Format fasta_seq
	Input File (M) proba_pair 

Identify Master Sequences [no]:

Master Sequences Identified
INPUT SEQUENCES: 8 SEQUENCES  [PROTEIN]
  Input File SomatotropinTogether.txt Seq sp|P01241|SOMA_HUMAN Length  217 type PROTEIN Struct Unchecked
  Input File SomatotropinTogether.txt Seq sp|P01245|SOMA_HORSE Length  216 type PROTEIN Struct Unchecked
  Input File SomatotropinTogether.txt Seq sp|P10814|SOMA_SALSA Length  210 type PROTEIN Struct Unchecked
  Input File SomatotropinTogether.txt Seq sp|P34005|SOMA_CHEMY Length  191 type PROTEIN Struct Unchecked
  Input File SomatotropinTogether.txt Seq sp|P55755|SOMA_CRONO Length  190 type PROTEIN Struct Unchecked
  Input File SomatotropinTogether.txt Seq sp|P58343|SOMA_SAIBB Length  217 type PROTEIN Struct Unchecked
  Input File SomatotropinTogether.txt Seq sp|Q7YRR6|SOMA_CAMDR Length  216 type PROTEIN Struct Unchecked
  Input File SomatotropinTogether.txt Seq sp|Q9GMB2|SOMA_NYCPY Length  217 type PROTEIN Struct Unchecked

	Multi Core Mode: 16 processors:

	--- Process Method/Library/Aln SSomatotropinTogether.txt
PROGRAM: T-COFFEE Version_11.00 (Version_11.00)
-full_log      	S	[0] 
-genepred_score	S	[0] 	nsd
-run_name      	S	[1] 	result
-mem_mode      	S	[0] 	mem
-extend        	D	[1] 	1 
-extend_mode   	S	[0] 	very_fast_triplet
-max_n_pair    	D	[0] 	10 
-seq_name_for_quadruplet	S	[0] 	all
-compact       	S	[0] 	default
-clean         	S	[0] 	no
-do_self       	FL	[0] 	0
-do_normalise  	D	[0] 	1000 
-template_file 	S	[0] 
-setenv        	S	[0] 	0
-export        	S	[0] 	0
-template_mode 	S	[0] 
-flip          	D	[0] 	0 
-remove_template_file	D	[0] 	0 
-profile_template_file	S	[0] 
-in            	S	[1] 	SomatotropinTogether.txt
-seq           	S	[0] 
-aln           	S	[0] 
-method_limits 	S	[0] 
-method        	S	[0] 
-lib           	S	[0] 
-profile       	S	[0] 
-profile1      	S	[0] 
-profile2      	S	[0] 
-pdb           	S	[0] 
-relax_lib     	D	[0] 	1 
-filter_lib    	D	[0] 	0 
-shrink_lib    	D	[0] 	0 
-out_lib       	W_F	[0] 	no
-out_lib_mode  	S	[0] 	primary
-lib_only      	D	[0] 	0 
-outseqweight  	W_F	[0] 	no
-dpa           	FL	[0] 	0
-seq_source    	S	[0] 	ANY
-cosmetic_penalty	D	[0] 	0 
-gapopen       	D	[0] 	0 
-gapext        	D	[0] 	0 
-fgapopen      	D	[0] 	0 
-fgapext       	D	[0] 	0 
-nomatch       	D	[0] 	0 
-newtree       	W_F	[0] 	default
-tree          	W_F	[0] 	NO
-usetree       	R_F	[0] 
-tree_mode     	S	[0] 	nj
-distance_matrix_mode	S	[0] 	ktup
-distance_matrix_sim_mode	S	[0] 	idmat_sim1
-quicktree     	FL	[0] 	0
-outfile       	W_F	[0] 	default
-maximise      	FL	[1] 	1
-output        	S	[1] 	score_html	clustalw_aln	fasta_aln	score_ascii	phylip
-len           	D	[0] 	0 
-infile        	R_F	[0] 
-matrix        	S	[0] 	default
-tg_mode       	D	[0] 	1 
-profile_mode  	S	[0] 	cw_profile_profile
-profile_comparison	S	[0] 	profile
-dp_mode       	S	[0] 	linked_pair_wise
-ktuple        	D	[0] 	1 
-ndiag         	D	[0] 	0 
-diag_threshold	D	[0] 	0 
-diag_mode     	D	[0] 	0 
-sim_matrix    	S	[0] 	vasiliky
-transform     	S	[0] 
-extend_seq    	FL	[0] 	0
-outorder      	S	[1] 	input
-inorder       	S	[0] 	aligned
-seqnos        	S	[1] 	off
-case          	S	[1] 	upper
-cpu           	D	[0] 	0 
-ulimit        	D	[0] 	-1 
-maxnseq       	D	[1] 	150 
-maxlen        	D	[1] 	10000 
-sample_dp     	D	[0] 	0 
-weight        	S	[0] 	default
-seq_weight    	S	[0] 	no
-align         	FL	[1] 	1
-mocca         	FL	[0] 	0
-domain        	FL	[0] 	0
-start         	D	[0] 	0 
-len           	D	[0] 	0 
-scale         	D	[0] 	0 
-mocca_interactive	FL	[0] 	0
-method_evaluate_mode	S	[0] 	default
-color_mode    	S	[0] 	new
-aln_line_length	D	[0] 	0 
-evaluate_mode 	S	[0] 	triplet
-get_type      	FL	[0] 	0
-clean_aln     	D	[0] 	0 
-clean_threshold	D	[1] 	1 
-clean_iteration	D	[1] 	1 
-clean_evaluate_mode	S	[0] 	t_coffee_fast
-extend_matrix 	FL	[0] 	0
-prot_min_sim  	D	[40] 	40 
-prot_max_sim  	D	[90] 	90 
-prot_trim     	D	[20] 	20 
-prot_min_cov  	D	[40] 	40 
-pdb_type      	S	[0] 	d
-pdb_min_sim   	D	[35] 	35 
-pdb_max_sim   	D	[100] 	100 
-pdb_min_cov   	D	[50] 	50 
-pdb_blast_server	W_F	[0] 	EBI
-blast         	W_F	[0] 
-blast_server  	W_F	[0] 	EBI
-pdb_db        	W_F	[0] 	pdb
-protein_db    	W_F	[0] 	uniprot
-method_log    	W_F	[0] 	no
-struc_to_use  	S	[0] 
-cache         	W_F	[0] 	use
-align_pdb_param_file	W_F	[0] 	no
-align_pdb_hasch_mode	W_F	[0] 	hasch_ca_trace_bubble
-external_aligner	S	[0] 	NO
-msa_mode      	S	[0] 	tree
-et_mode       	S	[0] 	et
-master        	S	[0] 	no
-blast_nseq    	D	[0] 	0 
-lalign_n_top  	D	[0] 	10 
-iterate       	D	[0] 	0 
-trim          	D	[0] 	0 
-split         	D	[0] 	0 
-trimfile      	S	[0] 	default
-split         	D	[0] 	0 
-split_nseq_thres	D	[0] 	0 
-split_score_thres	D	[0] 	0 
-check_pdb_status	D	[0] 	0 
-clean_seq_name	D	[0] 	0 
-seq_to_keep   	S	[0] 
-dpa_master_aln	S	[0] 
-dpa_maxnseq   	D	[0] 	0 
-dpa_min_score1	D	[0] 
-dpa_min_score2	D	[0] 
-dpa_keep_tmpfile	FL	[0] 	0
-dpa_debug     	D	[0] 	0 
-multi_core    	S	[1] 	4
-n_core        	D	[0] 	0 
-max_n_proc    	D	[0] 	0 
-lib_list      	S	[0] 
-prune_lib_mode	S	[0] 	5
-tip           	S	[0] 	none
-rna_lib       	S	[0] 
-no_warning    	D	[0] 	0 
-run_local_script	D	[0] 	0 
-plugins       	S	[0] 	default
-proxy         	S	[0] 	unset
-email         	S	[0] 
-clean_overaln 	D	[0] 	0 
-overaln_param 	S	[0] 
-overaln_mode  	S	[0] 
-overaln_model 	S	[0] 
-overaln_threshold	D	[0] 	0 
-overaln_target	D	[0] 	0 
-overaln_P1    	D	[0] 	0 
-overaln_P2    	D	[0] 	0 
-overaln_P3    	D	[0] 	0 
-overaln_P4    	D	[0] 	0 
-exon_boundaries	S	[0] 
-dump          	S	[0] 	no
-display       	D	[0] 	100 

INPUT FILES
	Input File (S) SomatotropinTogether.txt  Format fasta_seq
	Input File (M) proba_pair 

Identify Master Sequences [no]:

Master Sequences Identified
INPUT SEQUENCES: 8 SEQUENCES  [PROTEIN]
  Input File SomatotropinTogether.txt Seq sp|P01241|SOMA_HUMAN Length  217 type PROTEIN Struct Unchecked
  Input File SomatotropinTogether.txt Seq sp|P01245|SOMA_HORSE Length  216 type PROTEIN Struct Unchecked
  Input File SomatotropinTogether.txt Seq sp|P10814|SOMA_SALSA Length  210 type PROTEIN Struct Unchecked
  Input File SomatotropinTogether.txt Seq sp|P34005|SOMA_CHEMY Length  191 type PROTEIN Struct Unchecked
  Input File SomatotropinTogether.txt Seq sp|P55755|SOMA_CRONO Length  190 type PROTEIN Struct Unchecked
  Input File SomatotropinTogether.txt Seq sp|P58343|SOMA_SAIBB Length  217 type PROTEIN Struct Unchecked
  Input File SomatotropinTogether.txt Seq sp|Q7YRR6|SOMA_CAMDR Length  216 type PROTEIN Struct Unchecked
  Input File SomatotropinTogether.txt Seq sp|Q9GMB2|SOMA_NYCPY Length  217 type PROTEIN Struct Unchecked

	Multi Core Mode: 16 processors:

	--- Process Method/Library/Aln SSomatotropinTogether.txt
	--- Process Method/Library/Aln Mproba_pair
	xxx Retrieved SSomatotropinTogether.txt
	xxx Retrieved Mproba_pair

	All Methods Retrieved

MANUAL PENALTIES: gapopen=0 gapext=0

	Library Total Size: [14850]

Library Relaxation: Multi_proc [1]
 
!		[Relax Library][TOT=    8][  0 %]!		[Relax Library][TOT=    8][ 25 %]!		[Relax Library][TOT=    8][ 37 %]!		[Relax Library][TOT=    8][ 50 %]!		[Relax Library][TOT=    8][ 62 %]!		[Relax Library][TOT=    8][ 75 %]!		[Relax Library][TOT=    8][ 87 %]!		[Relax Library][TOT=    8][100 %]

PROGRAM: T-COFFEE Version_11.00 (Version_11.00)
-full_log      	S	[0] 
-genepred_score	S	[0] 	nsd
-run_name      	S	[1] 	result
-mem_mode      	S	[0] 	mem
-extend        	D	[1] 	1 
-extend_mode   	S	[0] 	very_fast_triplet
-max_n_pair    	D	[0] 	10 
-seq_name_for_quadruplet	S	[0] 	all
-compact       	S	[0] 	default
-clean         	S	[0] 	no
-do_self       	FL	[0] 	0
-do_normalise  	D	[0] 	1000 
-template_file 	S	[0] 
-setenv        	S	[0] 	0
-export        	S	[0] 	0
-template_mode 	S	[0] 
-flip          	D	[0] 	0 
-remove_template_file	D	[0] 	0 
-profile_template_file	S	[0] 
-in            	S	[1] 	SomatotropinTogether.txt
-seq           	S	[0] 
-aln           	S	[0] 
-method_limits 	S	[0] 
-method        	S	[0] 
-lib           	S	[0] 
-profile       	S	[0] 
-profile1      	S	[0] 
-profile2      	S	[0] 
-pdb           	S	[0] 
-relax_lib     	D	[0] 	1 
-filter_lib    	D	[0] 	0 
-shrink_lib    	D	[0] 	0 
-out_lib       	W_F	[0] 	no
-out_lib_mode  	S	[0] 	primary
-lib_only      	D	[0] 	0 
-outseqweight  	W_F	[0] 	no
-dpa           	FL	[0] 	0
-seq_source    	S	[0] 	ANY
-cosmetic_penalty	D	[0] 	0 
-gapopen       	D	[0] 	0 
-gapext        	D	[0] 	0 
-fgapopen      	D	[0] 	0 
-fgapext       	D	[0] 	0 
-nomatch       	D	[0] 	0 
-newtree       	W_F	[0] 	default
-tree          	W_F	[0] 	NO
-usetree       	R_F	[0] 
-tree_mode     	S	[0] 	nj
-distance_matrix_mode	S	[0] 	ktup
-distance_matrix_sim_mode	S	[0] 	idmat_sim1
-quicktree     	FL	[0] 	0
-outfile       	W_F	[0] 	default
-maximise      	FL	[1] 	1
-output        	S	[1] 	score_html	clustalw_aln	fasta_aln	score_ascii	phylip
-len           	D	[0] 	0 
-infile        	R_F	[0] 
-matrix        	S	[0] 	default
-tg_mode       	D	[0] 	1 
-profile_mode  	S	[0] 	cw_profile_profile
-profile_comparison	S	[0] 	profile
-dp_mode       	S	[0] 	linked_pair_wise
-ktuple        	D	[0] 	1 
-ndiag         	D	[0] 	0 
-diag_threshold	D	[0] 	0 
-diag_mode     	D	[0] 	0 
-sim_matrix    	S	[0] 	vasiliky
-transform     	S	[0] 
-extend_seq    	FL	[0] 	0
-outorder      	S	[1] 	input
-inorder       	S	[0] 	aligned
-seqnos        	S	[1] 	off
-case          	S	[1] 	upper
-cpu           	D	[0] 	0 
-ulimit        	D	[0] 	-1 
-maxnseq       	D	[1] 	150 
-maxlen        	D	[1] 	10000 
-sample_dp     	D	[0] 	0 
-weight        	S	[0] 	default
-seq_weight    	S	[0] 	no
-align         	FL	[1] 	1
-mocca         	FL	[0] 	0
-domain        	FL	[0] 	0
-start         	D	[0] 	0 
-len           	D	[0] 	0 
-scale         	D	[0] 	0 
-mocca_interactive	FL	[0] 	0
-method_evaluate_mode	S	[0] 	default
-color_mode    	S	[0] 	new
-aln_line_length	D	[0] 	0 
-evaluate_mode 	S	[0] 	triplet
-get_type      	FL	[0] 	0
-clean_aln     	D	[0] 	0 
-clean_threshold	D	[1] 	1 
-clean_iteration	D	[1] 	1 
-clean_evaluate_mode	S	[0] 	t_coffee_fast
-extend_matrix 	FL	[0] 	0
-prot_min_sim  	D	[40] 	40 
-prot_max_sim  	D	[90] 	90 
-prot_trim     	D	[20] 	20 
-prot_min_cov  	D	[40] 	40 
-pdb_type      	S	[0] 	d
-pdb_min_sim   	D	[35] 	35 
-pdb_max_sim   	D	[100] 	100 
-pdb_min_cov   	D	[50] 	50 
-pdb_blast_server	W_F	[0] 	EBI
-blast         	W_F	[0] 
-blast_server  	W_F	[0] 	EBI
-pdb_db        	W_F	[0] 	pdb
-protein_db    	W_F	[0] 	uniprot
-method_log    	W_F	[0] 	no
-struc_to_use  	S	[0] 
-cache         	W_F	[0] 	use
-align_pdb_param_file	W_F	[0] 	no
-align_pdb_hasch_mode	W_F	[0] 	hasch_ca_trace_bubble
-external_aligner	S	[0] 	NO
-msa_mode      	S	[0] 	tree
-et_mode       	S	[0] 	et
-master        	S	[0] 	no
-blast_nseq    	D	[0] 	0 
-lalign_n_top  	D	[0] 	10 
-iterate       	D	[0] 	0 
-trim          	D	[0] 	0 
-split         	D	[0] 	0 
-trimfile      	S	[0] 	default
-split         	D	[0] 	0 
-split_nseq_thres	D	[0] 	0 
-split_score_thres	D	[0] 	0 
-check_pdb_status	D	[0] 	0 
-clean_seq_name	D	[0] 	0 
-seq_to_keep   	S	[0] 
-dpa_master_aln	S	[0] 
-dpa_maxnseq   	D	[0] 	0 
-dpa_min_score1	D	[0] 
-dpa_min_score2	D	[0] 
-dpa_keep_tmpfile	FL	[0] 	0
-dpa_debug     	D	[0] 	0 
-multi_core    	S	[1] 	4
-n_core        	D	[0] 	0 
-max_n_proc    	D	[0] 	0 
-lib_list      	S	[0] 
-prune_lib_mode	S	[0] 	5
-tip           	S	[0] 	none
-rna_lib       	S	[0] 
-no_warning    	D	[0] 	0 
-run_local_script	D	[0] 	0 
-plugins       	S	[0] 	default
-proxy         	S	[0] 	unset
-email         	S	[0] 
-clean_overaln 	D	[0] 	0 
-overaln_param 	S	[0] 
-overaln_mode  	S	[0] 
-overaln_model 	S	[0] 
-overaln_threshold	D	[0] 	0 
-overaln_target	D	[0] 	0 
-overaln_P1    	D	[0] 	0 
-overaln_P2    	D	[0] 	0 
-overaln_P3    	D	[0] 	0 
-overaln_P4    	D	[0] 	0 
-exon_boundaries	S	[0] 
-dump          	S	[0] 	no
-display       	D	[0] 	100 

INPUT FILES
	Input File (S) SomatotropinTogether.txt  Format fasta_seq
	Input File (M) proba_pair 

Identify Master Sequences [no]:

Master Sequences Identified
INPUT SEQUENCES: 8 SEQUENCES  [PROTEIN]
  Input File SomatotropinTogether.txt Seq sp|P01241|SOMA_HUMAN Length  217 type PROTEIN Struct Unchecked
  Input File SomatotropinTogether.txt Seq sp|P01245|SOMA_HORSE Length  216 type PROTEIN Struct Unchecked
  Input File SomatotropinTogether.txt Seq sp|P10814|SOMA_SALSA Length  210 type PROTEIN Struct Unchecked
  Input File SomatotropinTogether.txt Seq sp|P34005|SOMA_CHEMY Length  191 type PROTEIN Struct Unchecked
  Input File SomatotropinTogether.txt Seq sp|P55755|SOMA_CRONO Length  190 type PROTEIN Struct Unchecked
  Input File SomatotropinTogether.txt Seq sp|P58343|SOMA_SAIBB Length  217 type PROTEIN Struct Unchecked
  Input File SomatotropinTogether.txt Seq sp|Q7YRR6|SOMA_CAMDR Length  216 type PROTEIN Struct Unchecked
  Input File SomatotropinTogether.txt Seq sp|Q9GMB2|SOMA_NYCPY Length  217 type PROTEIN Struct Unchecked

	Multi Core Mode: 16 processors:

	--- Process Method/Library/Aln SSomatotropinTogether.txt
	--- Process Method/Library/Aln Mproba_pair
	xxx Retrieved SSomatotropinTogether.txt
	xxx Retrieved Mproba_pair

	All Methods Retrieved

MANUAL PENALTIES: gapopen=0 gapext=0

	Library Total Size: [14850]

Library Relaxation: Multi_proc [1]
 
Relaxation Summary: [14850]--->[13756]



UN-WEIGHTED MODE: EVERY SEQUENCE WEIGHTS 1

MAKE GUIDE TREE 
	[MODE=nj][DONE]

PROGRESSIVE_ALIGNMENT [Tree Based]
Group    1: sp|P01241|SOMA_HUMAN
Group    2: sp|P01245|SOMA_HORSE
Group    3: sp|P10814|SOMA_SALSA
Group    4: sp|P34005|SOMA_CHEMY
Group    5: sp|P55755|SOMA_CRONO
Group    6: sp|P58343|SOMA_SAIBB
Group    7: sp|Q7YRR6|SOMA_CAMDR
Group    8: sp|Q9GMB2|SOMA_NYCPY

#Single Thread

PROGRAM: T-COFFEE Version_11.00 (Version_11.00)
-full_log      	S	[0] 
-genepred_score	S	[0] 	nsd
-run_name      	S	[1] 	result
-mem_mode      	S	[0] 	mem
-extend        	D	[1] 	1 
-extend_mode   	S	[0] 	very_fast_triplet
-max_n_pair    	D	[0] 	10 
-seq_name_for_quadruplet	S	[0] 	all
-compact       	S	[0] 	default
-clean         	S	[0] 	no
-do_self       	FL	[0] 	0
-do_normalise  	D	[0] 	1000 
-template_file 	S	[0] 
-setenv        	S	[0] 	0
-export        	S	[0] 	0
-template_mode 	S	[0] 
-flip          	D	[0] 	0 
-remove_template_file	D	[0] 	0 
-profile_template_file	S	[0] 
-in            	S	[1] 	SomatotropinTogether.txt
-seq           	S	[0] 
-aln           	S	[0] 
-method_limits 	S	[0] 
-method        	S	[0] 
-lib           	S	[0] 
-profile       	S	[0] 
-profile1      	S	[0] 
-profile2      	S	[0] 
-pdb           	S	[0] 
-relax_lib     	D	[0] 	1 
-filter_lib    	D	[0] 	0 
-shrink_lib    	D	[0] 	0 
-out_lib       	W_F	[0] 	no
-out_lib_mode  	S	[0] 	primary
-lib_only      	D	[0] 	0 
-outseqweight  	W_F	[0] 	no
-dpa           	FL	[0] 	0
-seq_source    	S	[0] 	ANY
-cosmetic_penalty	D	[0] 	0 
-gapopen       	D	[0] 	0 
-gapext        	D	[0] 	0 
-fgapopen      	D	[0] 	0 
-fgapext       	D	[0] 	0 
-nomatch       	D	[0] 	0 
-newtree       	W_F	[0] 	default
-tree          	W_F	[0] 	NO
-usetree       	R_F	[0] 
-tree_mode     	S	[0] 	nj
-distance_matrix_mode	S	[0] 	ktup
-distance_matrix_sim_mode	S	[0] 	idmat_sim1
-quicktree     	FL	[0] 	0
-outfile       	W_F	[0] 	default
-maximise      	FL	[1] 	1
-output        	S	[1] 	score_html	clustalw_aln	fasta_aln	score_ascii	phylip
-len           	D	[0] 	0 
-infile        	R_F	[0] 
-matrix        	S	[0] 	default
-tg_mode       	D	[0] 	1 
-profile_mode  	S	[0] 	cw_profile_profile
-profile_comparison	S	[0] 	profile
-dp_mode       	S	[0] 	linked_pair_wise
-ktuple        	D	[0] 	1 
-ndiag         	D	[0] 	0 
-diag_threshold	D	[0] 	0 
-diag_mode     	D	[0] 	0 
-sim_matrix    	S	[0] 	vasiliky
-transform     	S	[0] 
-extend_seq    	FL	[0] 	0
-outorder      	S	[1] 	input
-inorder       	S	[0] 	aligned
-seqnos        	S	[1] 	off
-case          	S	[1] 	upper
-cpu           	D	[0] 	0 
-ulimit        	D	[0] 	-1 
-maxnseq       	D	[1] 	150 
-maxlen        	D	[1] 	10000 
-sample_dp     	D	[0] 	0 
-weight        	S	[0] 	default
-seq_weight    	S	[0] 	no
-align         	FL	[1] 	1
-mocca         	FL	[0] 	0
-domain        	FL	[0] 	0
-start         	D	[0] 	0 
-len           	D	[0] 	0 
-scale         	D	[0] 	0 
-mocca_interactive	FL	[0] 	0
-method_evaluate_mode	S	[0] 	default
-color_mode    	S	[0] 	new
-aln_line_length	D	[0] 	0 
-evaluate_mode 	S	[0] 	triplet
-get_type      	FL	[0] 	0
-clean_aln     	D	[0] 	0 
-clean_threshold	D	[1] 	1 
-clean_iteration	D	[1] 	1 
-clean_evaluate_mode	S	[0] 	t_coffee_fast
-extend_matrix 	FL	[0] 	0
-prot_min_sim  	D	[40] 	40 
-prot_max_sim  	D	[90] 	90 
-prot_trim     	D	[20] 	20 
-prot_min_cov  	D	[40] 	40 
-pdb_type      	S	[0] 	d
-pdb_min_sim   	D	[35] 	35 
-pdb_max_sim   	D	[100] 	100 
-pdb_min_cov   	D	[50] 	50 
-pdb_blast_server	W_F	[0] 	EBI
-blast         	W_F	[0] 
-blast_server  	W_F	[0] 	EBI
-pdb_db        	W_F	[0] 	pdb
-protein_db    	W_F	[0] 	uniprot
-method_log    	W_F	[0] 	no
-struc_to_use  	S	[0] 
-cache         	W_F	[0] 	use
-align_pdb_param_file	W_F	[0] 	no
-align_pdb_hasch_mode	W_F	[0] 	hasch_ca_trace_bubble
-external_aligner	S	[0] 	NO
-msa_mode      	S	[0] 	tree
-et_mode       	S	[0] 	et
-master        	S	[0] 	no
-blast_nseq    	D	[0] 	0 
-lalign_n_top  	D	[0] 	10 
-iterate       	D	[0] 	0 
-trim          	D	[0] 	0 
-split         	D	[0] 	0 
-trimfile      	S	[0] 	default
-split         	D	[0] 	0 
-split_nseq_thres	D	[0] 	0 
-split_score_thres	D	[0] 	0 
-check_pdb_status	D	[0] 	0 
-clean_seq_name	D	[0] 	0 
-seq_to_keep   	S	[0] 
-dpa_master_aln	S	[0] 
-dpa_maxnseq   	D	[0] 	0 
-dpa_min_score1	D	[0] 
-dpa_min_score2	D	[0] 
-dpa_keep_tmpfile	FL	[0] 	0
-dpa_debug     	D	[0] 	0 
-multi_core    	S	[1] 	4
-n_core        	D	[0] 	0 
-max_n_proc    	D	[0] 	0 
-lib_list      	S	[0] 
-prune_lib_mode	S	[0] 	5
-tip           	S	[0] 	none
-rna_lib       	S	[0] 
-no_warning    	D	[0] 	0 
-run_local_script	D	[0] 	0 
-plugins       	S	[0] 	default
-proxy         	S	[0] 	unset
-email         	S	[0] 
-clean_overaln 	D	[0] 	0 
-overaln_param 	S	[0] 
-overaln_mode  	S	[0] 
-overaln_model 	S	[0] 
-overaln_threshold	D	[0] 	0 
-overaln_target	D	[0] 	0 
-overaln_P1    	D	[0] 	0 
-overaln_P2    	D	[0] 	0 
-overaln_P3    	D	[0] 	0 
-overaln_P4    	D	[0] 	0 
-exon_boundaries	S	[0] 
-dump          	S	[0] 	no
-display       	D	[0] 	100 

INPUT FILES
	Input File (S) SomatotropinTogether.txt  Format fasta_seq
	Input File (M) proba_pair 

Identify Master Sequences [no]:

Master Sequences Identified
INPUT SEQUENCES: 8 SEQUENCES  [PROTEIN]
  Input File SomatotropinTogether.txt Seq sp|P01241|SOMA_HUMAN Length  217 type PROTEIN Struct Unchecked
  Input File SomatotropinTogether.txt Seq sp|P01245|SOMA_HORSE Length  216 type PROTEIN Struct Unchecked
  Input File SomatotropinTogether.txt Seq sp|P10814|SOMA_SALSA Length  210 type PROTEIN Struct Unchecked
  Input File SomatotropinTogether.txt Seq sp|P34005|SOMA_CHEMY Length  191 type PROTEIN Struct Unchecked
  Input File SomatotropinTogether.txt Seq sp|P55755|SOMA_CRONO Length  190 type PROTEIN Struct Unchecked
  Input File SomatotropinTogether.txt Seq sp|P58343|SOMA_SAIBB Length  217 type PROTEIN Struct Unchecked
  Input File SomatotropinTogether.txt Seq sp|Q7YRR6|SOMA_CAMDR Length  216 type PROTEIN Struct Unchecked
  Input File SomatotropinTogether.txt Seq sp|Q9GMB2|SOMA_NYCPY Length  217 type PROTEIN Struct Unchecked

	Multi Core Mode: 16 processors:

	--- Process Method/Library/Aln SSomatotropinTogether.txt
	--- Process Method/Library/Aln Mproba_pair
	xxx Retrieved SSomatotropinTogether.txt
	xxx Retrieved Mproba_pair

	All Methods Retrieved

MANUAL PENALTIES: gapopen=0 gapext=0

	Library Total Size: [14850]

Library Relaxation: Multi_proc [1]
 
Relaxation Summary: [14850]--->[13756]



UN-WEIGHTED MODE: EVERY SEQUENCE WEIGHTS 1

MAKE GUIDE TREE 
	[MODE=nj][DONE]

PROGRESSIVE_ALIGNMENT [Tree Based]
Group    1: sp|P01241|SOMA_HUMAN
Group    2: sp|P01245|SOMA_HORSE
Group    3: sp|P10814|SOMA_SALSA
Group    4: sp|P34005|SOMA_CHEMY
Group    5: sp|P55755|SOMA_CRONO
Group    6: sp|P58343|SOMA_SAIBB
Group    7: sp|Q7YRR6|SOMA_CAMDR
Group    8: sp|Q9GMB2|SOMA_NYCPY

#Single Thread

	Group    9: [Group    6 (   1 seq)] with [Group    1 (   1 seq)]-->[Len=  217][PID:22445]
PROGRAM: T-COFFEE Version_11.00 (Version_11.00)
-full_log      	S	[0] 
-genepred_score	S	[0] 	nsd
-run_name      	S	[1] 	result
-mem_mode      	S	[0] 	mem
-extend        	D	[1] 	1 
-extend_mode   	S	[0] 	very_fast_triplet
-max_n_pair    	D	[0] 	10 
-seq_name_for_quadruplet	S	[0] 	all
-compact       	S	[0] 	default
-clean         	S	[0] 	no
-do_self       	FL	[0] 	0
-do_normalise  	D	[0] 	1000 
-template_file 	S	[0] 
-setenv        	S	[0] 	0
-export        	S	[0] 	0
-template_mode 	S	[0] 
-flip          	D	[0] 	0 
-remove_template_file	D	[0] 	0 
-profile_template_file	S	[0] 
-in            	S	[1] 	SomatotropinTogether.txt
-seq           	S	[0] 
-aln           	S	[0] 
-method_limits 	S	[0] 
-method        	S	[0] 
-lib           	S	[0] 
-profile       	S	[0] 
-profile1      	S	[0] 
-profile2      	S	[0] 
-pdb           	S	[0] 
-relax_lib     	D	[0] 	1 
-filter_lib    	D	[0] 	0 
-shrink_lib    	D	[0] 	0 
-out_lib       	W_F	[0] 	no
-out_lib_mode  	S	[0] 	primary
-lib_only      	D	[0] 	0 
-outseqweight  	W_F	[0] 	no
-dpa           	FL	[0] 	0
-seq_source    	S	[0] 	ANY
-cosmetic_penalty	D	[0] 	0 
-gapopen       	D	[0] 	0 
-gapext        	D	[0] 	0 
-fgapopen      	D	[0] 	0 
-fgapext       	D	[0] 	0 
-nomatch       	D	[0] 	0 
-newtree       	W_F	[0] 	default
-tree          	W_F	[0] 	NO
-usetree       	R_F	[0] 
-tree_mode     	S	[0] 	nj
-distance_matrix_mode	S	[0] 	ktup
-distance_matrix_sim_mode	S	[0] 	idmat_sim1
-quicktree     	FL	[0] 	0
-outfile       	W_F	[0] 	default
-maximise      	FL	[1] 	1
-output        	S	[1] 	score_html	clustalw_aln	fasta_aln	score_ascii	phylip
-len           	D	[0] 	0 
-infile        	R_F	[0] 
-matrix        	S	[0] 	default
-tg_mode       	D	[0] 	1 
-profile_mode  	S	[0] 	cw_profile_profile
-profile_comparison	S	[0] 	profile
-dp_mode       	S	[0] 	linked_pair_wise
-ktuple        	D	[0] 	1 
-ndiag         	D	[0] 	0 
-diag_threshold	D	[0] 	0 
-diag_mode     	D	[0] 	0 
-sim_matrix    	S	[0] 	vasiliky
-transform     	S	[0] 
-extend_seq    	FL	[0] 	0
-outorder      	S	[1] 	input
-inorder       	S	[0] 	aligned
-seqnos        	S	[1] 	off
-case          	S	[1] 	upper
-cpu           	D	[0] 	0 
-ulimit        	D	[0] 	-1 
-maxnseq       	D	[1] 	150 
-maxlen        	D	[1] 	10000 
-sample_dp     	D	[0] 	0 
-weight        	S	[0] 	default
-seq_weight    	S	[0] 	no
-align         	FL	[1] 	1
-mocca         	FL	[0] 	0
-domain        	FL	[0] 	0
-start         	D	[0] 	0 
-len           	D	[0] 	0 
-scale         	D	[0] 	0 
-mocca_interactive	FL	[0] 	0
-method_evaluate_mode	S	[0] 	default
-color_mode    	S	[0] 	new
-aln_line_length	D	[0] 	0 
-evaluate_mode 	S	[0] 	triplet
-get_type      	FL	[0] 	0
-clean_aln     	D	[0] 	0 
-clean_threshold	D	[1] 	1 
-clean_iteration	D	[1] 	1 
-clean_evaluate_mode	S	[0] 	t_coffee_fast
-extend_matrix 	FL	[0] 	0
-prot_min_sim  	D	[40] 	40 
-prot_max_sim  	D	[90] 	90 
-prot_trim     	D	[20] 	20 
-prot_min_cov  	D	[40] 	40 
-pdb_type      	S	[0] 	d
-pdb_min_sim   	D	[35] 	35 
-pdb_max_sim   	D	[100] 	100 
-pdb_min_cov   	D	[50] 	50 
-pdb_blast_server	W_F	[0] 	EBI
-blast         	W_F	[0] 
-blast_server  	W_F	[0] 	EBI
-pdb_db        	W_F	[0] 	pdb
-protein_db    	W_F	[0] 	uniprot
-method_log    	W_F	[0] 	no
-struc_to_use  	S	[0] 
-cache         	W_F	[0] 	use
-align_pdb_param_file	W_F	[0] 	no
-align_pdb_hasch_mode	W_F	[0] 	hasch_ca_trace_bubble
-external_aligner	S	[0] 	NO
-msa_mode      	S	[0] 	tree
-et_mode       	S	[0] 	et
-master        	S	[0] 	no
-blast_nseq    	D	[0] 	0 
-lalign_n_top  	D	[0] 	10 
-iterate       	D	[0] 	0 
-trim          	D	[0] 	0 
-split         	D	[0] 	0 
-trimfile      	S	[0] 	default
-split         	D	[0] 	0 
-split_nseq_thres	D	[0] 	0 
-split_score_thres	D	[0] 	0 
-check_pdb_status	D	[0] 	0 
-clean_seq_name	D	[0] 	0 
-seq_to_keep   	S	[0] 
-dpa_master_aln	S	[0] 
-dpa_maxnseq   	D	[0] 	0 
-dpa_min_score1	D	[0] 
-dpa_min_score2	D	[0] 
-dpa_keep_tmpfile	FL	[0] 	0
-dpa_debug     	D	[0] 	0 
-multi_core    	S	[1] 	4
-n_core        	D	[0] 	0 
-max_n_proc    	D	[0] 	0 
-lib_list      	S	[0] 
-prune_lib_mode	S	[0] 	5
-tip           	S	[0] 	none
-rna_lib       	S	[0] 
-no_warning    	D	[0] 	0 
-run_local_script	D	[0] 	0 
-plugins       	S	[0] 	default
-proxy         	S	[0] 	unset
-email         	S	[0] 
-clean_overaln 	D	[0] 	0 
-overaln_param 	S	[0] 
-overaln_mode  	S	[0] 
-overaln_model 	S	[0] 
-overaln_threshold	D	[0] 	0 
-overaln_target	D	[0] 	0 
-overaln_P1    	D	[0] 	0 
-overaln_P2    	D	[0] 	0 
-overaln_P3    	D	[0] 	0 
-overaln_P4    	D	[0] 	0 
-exon_boundaries	S	[0] 
-dump          	S	[0] 	no
-display       	D	[0] 	100 

INPUT FILES
	Input File (S) SomatotropinTogether.txt  Format fasta_seq
	Input File (M) proba_pair 

Identify Master Sequences [no]:

Master Sequences Identified
INPUT SEQUENCES: 8 SEQUENCES  [PROTEIN]
  Input File SomatotropinTogether.txt Seq sp|P01241|SOMA_HUMAN Length  217 type PROTEIN Struct Unchecked
  Input File SomatotropinTogether.txt Seq sp|P01245|SOMA_HORSE Length  216 type PROTEIN Struct Unchecked
  Input File SomatotropinTogether.txt Seq sp|P10814|SOMA_SALSA Length  210 type PROTEIN Struct Unchecked
  Input File SomatotropinTogether.txt Seq sp|P34005|SOMA_CHEMY Length  191 type PROTEIN Struct Unchecked
  Input File SomatotropinTogether.txt Seq sp|P55755|SOMA_CRONO Length  190 type PROTEIN Struct Unchecked
  Input File SomatotropinTogether.txt Seq sp|P58343|SOMA_SAIBB Length  217 type PROTEIN Struct Unchecked
  Input File SomatotropinTogether.txt Seq sp|Q7YRR6|SOMA_CAMDR Length  216 type PROTEIN Struct Unchecked
  Input File SomatotropinTogether.txt Seq sp|Q9GMB2|SOMA_NYCPY Length  217 type PROTEIN Struct Unchecked

	Multi Core Mode: 16 processors:

	--- Process Method/Library/Aln SSomatotropinTogether.txt
	--- Process Method/Library/Aln Mproba_pair
	xxx Retrieved SSomatotropinTogether.txt
	xxx Retrieved Mproba_pair

	All Methods Retrieved

MANUAL PENALTIES: gapopen=0 gapext=0

	Library Total Size: [14850]

Library Relaxation: Multi_proc [1]
 
Relaxation Summary: [14850]--->[13756]



UN-WEIGHTED MODE: EVERY SEQUENCE WEIGHTS 1

MAKE GUIDE TREE 
	[MODE=nj][DONE]

PROGRESSIVE_ALIGNMENT [Tree Based]
Group    1: sp|P01241|SOMA_HUMAN
Group    2: sp|P01245|SOMA_HORSE
Group    3: sp|P10814|SOMA_SALSA
Group    4: sp|P34005|SOMA_CHEMY
Group    5: sp|P55755|SOMA_CRONO
Group    6: sp|P58343|SOMA_SAIBB
Group    7: sp|Q7YRR6|SOMA_CAMDR
Group    8: sp|Q9GMB2|SOMA_NYCPY

#Single Thread

	Group    9: [Group    6 (   1 seq)] with [Group    1 (   1 seq)]-->[Len=  217][PID:22445]
	Group   10: [Group    7 (   1 seq)] with [Group    2 (   1 seq)]-->[Len=  216][PID:22445]
PROGRAM: T-COFFEE Version_11.00 (Version_11.00)
-full_log      	S	[0] 
-genepred_score	S	[0] 	nsd
-run_name      	S	[1] 	result
-mem_mode      	S	[0] 	mem
-extend        	D	[1] 	1 
-extend_mode   	S	[0] 	very_fast_triplet
-max_n_pair    	D	[0] 	10 
-seq_name_for_quadruplet	S	[0] 	all
-compact       	S	[0] 	default
-clean         	S	[0] 	no
-do_self       	FL	[0] 	0
-do_normalise  	D	[0] 	1000 
-template_file 	S	[0] 
-setenv        	S	[0] 	0
-export        	S	[0] 	0
-template_mode 	S	[0] 
-flip          	D	[0] 	0 
-remove_template_file	D	[0] 	0 
-profile_template_file	S	[0] 
-in            	S	[1] 	SomatotropinTogether.txt
-seq           	S	[0] 
-aln           	S	[0] 
-method_limits 	S	[0] 
-method        	S	[0] 
-lib           	S	[0] 
-profile       	S	[0] 
-profile1      	S	[0] 
-profile2      	S	[0] 
-pdb           	S	[0] 
-relax_lib     	D	[0] 	1 
-filter_lib    	D	[0] 	0 
-shrink_lib    	D	[0] 	0 
-out_lib       	W_F	[0] 	no
-out_lib_mode  	S	[0] 	primary
-lib_only      	D	[0] 	0 
-outseqweight  	W_F	[0] 	no
-dpa           	FL	[0] 	0
-seq_source    	S	[0] 	ANY
-cosmetic_penalty	D	[0] 	0 
-gapopen       	D	[0] 	0 
-gapext        	D	[0] 	0 
-fgapopen      	D	[0] 	0 
-fgapext       	D	[0] 	0 
-nomatch       	D	[0] 	0 
-newtree       	W_F	[0] 	default
-tree          	W_F	[0] 	NO
-usetree       	R_F	[0] 
-tree_mode     	S	[0] 	nj
-distance_matrix_mode	S	[0] 	ktup
-distance_matrix_sim_mode	S	[0] 	idmat_sim1
-quicktree     	FL	[0] 	0
-outfile       	W_F	[0] 	default
-maximise      	FL	[1] 	1
-output        	S	[1] 	score_html	clustalw_aln	fasta_aln	score_ascii	phylip
-len           	D	[0] 	0 
-infile        	R_F	[0] 
-matrix        	S	[0] 	default
-tg_mode       	D	[0] 	1 
-profile_mode  	S	[0] 	cw_profile_profile
-profile_comparison	S	[0] 	profile
-dp_mode       	S	[0] 	linked_pair_wise
-ktuple        	D	[0] 	1 
-ndiag         	D	[0] 	0 
-diag_threshold	D	[0] 	0 
-diag_mode     	D	[0] 	0 
-sim_matrix    	S	[0] 	vasiliky
-transform     	S	[0] 
-extend_seq    	FL	[0] 	0
-outorder      	S	[1] 	input
-inorder       	S	[0] 	aligned
-seqnos        	S	[1] 	off
-case          	S	[1] 	upper
-cpu           	D	[0] 	0 
-ulimit        	D	[0] 	-1 
-maxnseq       	D	[1] 	150 
-maxlen        	D	[1] 	10000 
-sample_dp     	D	[0] 	0 
-weight        	S	[0] 	default
-seq_weight    	S	[0] 	no
-align         	FL	[1] 	1
-mocca         	FL	[0] 	0
-domain        	FL	[0] 	0
-start         	D	[0] 	0 
-len           	D	[0] 	0 
-scale         	D	[0] 	0 
-mocca_interactive	FL	[0] 	0
-method_evaluate_mode	S	[0] 	default
-color_mode    	S	[0] 	new
-aln_line_length	D	[0] 	0 
-evaluate_mode 	S	[0] 	triplet
-get_type      	FL	[0] 	0
-clean_aln     	D	[0] 	0 
-clean_threshold	D	[1] 	1 
-clean_iteration	D	[1] 	1 
-clean_evaluate_mode	S	[0] 	t_coffee_fast
-extend_matrix 	FL	[0] 	0
-prot_min_sim  	D	[40] 	40 
-prot_max_sim  	D	[90] 	90 
-prot_trim     	D	[20] 	20 
-prot_min_cov  	D	[40] 	40 
-pdb_type      	S	[0] 	d
-pdb_min_sim   	D	[35] 	35 
-pdb_max_sim   	D	[100] 	100 
-pdb_min_cov   	D	[50] 	50 
-pdb_blast_server	W_F	[0] 	EBI
-blast         	W_F	[0] 
-blast_server  	W_F	[0] 	EBI
-pdb_db        	W_F	[0] 	pdb
-protein_db    	W_F	[0] 	uniprot
-method_log    	W_F	[0] 	no
-struc_to_use  	S	[0] 
-cache         	W_F	[0] 	use
-align_pdb_param_file	W_F	[0] 	no
-align_pdb_hasch_mode	W_F	[0] 	hasch_ca_trace_bubble
-external_aligner	S	[0] 	NO
-msa_mode      	S	[0] 	tree
-et_mode       	S	[0] 	et
-master        	S	[0] 	no
-blast_nseq    	D	[0] 	0 
-lalign_n_top  	D	[0] 	10 
-iterate       	D	[0] 	0 
-trim          	D	[0] 	0 
-split         	D	[0] 	0 
-trimfile      	S	[0] 	default
-split         	D	[0] 	0 
-split_nseq_thres	D	[0] 	0 
-split_score_thres	D	[0] 	0 
-check_pdb_status	D	[0] 	0 
-clean_seq_name	D	[0] 	0 
-seq_to_keep   	S	[0] 
-dpa_master_aln	S	[0] 
-dpa_maxnseq   	D	[0] 	0 
-dpa_min_score1	D	[0] 
-dpa_min_score2	D	[0] 
-dpa_keep_tmpfile	FL	[0] 	0
-dpa_debug     	D	[0] 	0 
-multi_core    	S	[1] 	4
-n_core        	D	[0] 	0 
-max_n_proc    	D	[0] 	0 
-lib_list      	S	[0] 
-prune_lib_mode	S	[0] 	5
-tip           	S	[0] 	none
-rna_lib       	S	[0] 
-no_warning    	D	[0] 	0 
-run_local_script	D	[0] 	0 
-plugins       	S	[0] 	default
-proxy         	S	[0] 	unset
-email         	S	[0] 
-clean_overaln 	D	[0] 	0 
-overaln_param 	S	[0] 
-overaln_mode  	S	[0] 
-overaln_model 	S	[0] 
-overaln_threshold	D	[0] 	0 
-overaln_target	D	[0] 	0 
-overaln_P1    	D	[0] 	0 
-overaln_P2    	D	[0] 	0 
-overaln_P3    	D	[0] 	0 
-overaln_P4    	D	[0] 	0 
-exon_boundaries	S	[0] 
-dump          	S	[0] 	no
-display       	D	[0] 	100 

INPUT FILES
	Input File (S) SomatotropinTogether.txt  Format fasta_seq
	Input File (M) proba_pair 

Identify Master Sequences [no]:

Master Sequences Identified
INPUT SEQUENCES: 8 SEQUENCES  [PROTEIN]
  Input File SomatotropinTogether.txt Seq sp|P01241|SOMA_HUMAN Length  217 type PROTEIN Struct Unchecked
  Input File SomatotropinTogether.txt Seq sp|P01245|SOMA_HORSE Length  216 type PROTEIN Struct Unchecked
  Input File SomatotropinTogether.txt Seq sp|P10814|SOMA_SALSA Length  210 type PROTEIN Struct Unchecked
  Input File SomatotropinTogether.txt Seq sp|P34005|SOMA_CHEMY Length  191 type PROTEIN Struct Unchecked
  Input File SomatotropinTogether.txt Seq sp|P55755|SOMA_CRONO Length  190 type PROTEIN Struct Unchecked
  Input File SomatotropinTogether.txt Seq sp|P58343|SOMA_SAIBB Length  217 type PROTEIN Struct Unchecked
  Input File SomatotropinTogether.txt Seq sp|Q7YRR6|SOMA_CAMDR Length  216 type PROTEIN Struct Unchecked
  Input File SomatotropinTogether.txt Seq sp|Q9GMB2|SOMA_NYCPY Length  217 type PROTEIN Struct Unchecked

	Multi Core Mode: 16 processors:

	--- Process Method/Library/Aln SSomatotropinTogether.txt
	--- Process Method/Library/Aln Mproba_pair
	xxx Retrieved SSomatotropinTogether.txt
	xxx Retrieved Mproba_pair

	All Methods Retrieved

MANUAL PENALTIES: gapopen=0 gapext=0

	Library Total Size: [14850]

Library Relaxation: Multi_proc [1]
 
Relaxation Summary: [14850]--->[13756]



UN-WEIGHTED MODE: EVERY SEQUENCE WEIGHTS 1

MAKE GUIDE TREE 
	[MODE=nj][DONE]

PROGRESSIVE_ALIGNMENT [Tree Based]
Group    1: sp|P01241|SOMA_HUMAN
Group    2: sp|P01245|SOMA_HORSE
Group    3: sp|P10814|SOMA_SALSA
Group    4: sp|P34005|SOMA_CHEMY
Group    5: sp|P55755|SOMA_CRONO
Group    6: sp|P58343|SOMA_SAIBB
Group    7: sp|Q7YRR6|SOMA_CAMDR
Group    8: sp|Q9GMB2|SOMA_NYCPY

#Single Thread

	Group    9: [Group    6 (   1 seq)] with [Group    1 (   1 seq)]-->[Len=  217][PID:22445]
	Group   10: [Group    7 (   1 seq)] with [Group    2 (   1 seq)]-->[Len=  216][PID:22445]
	Group   11: [Group   10 (   2 seq)] with [Group    8 (   1 seq)]-->[Len=  217][PID:22445]
PROGRAM: T-COFFEE Version_11.00 (Version_11.00)
-full_log      	S	[0] 
-genepred_score	S	[0] 	nsd
-run_name      	S	[1] 	result
-mem_mode      	S	[0] 	mem
-extend        	D	[1] 	1 
-extend_mode   	S	[0] 	very_fast_triplet
-max_n_pair    	D	[0] 	10 
-seq_name_for_quadruplet	S	[0] 	all
-compact       	S	[0] 	default
-clean         	S	[0] 	no
-do_self       	FL	[0] 	0
-do_normalise  	D	[0] 	1000 
-template_file 	S	[0] 
-setenv        	S	[0] 	0
-export        	S	[0] 	0
-template_mode 	S	[0] 
-flip          	D	[0] 	0 
-remove_template_file	D	[0] 	0 
-profile_template_file	S	[0] 
-in            	S	[1] 	SomatotropinTogether.txt
-seq           	S	[0] 
-aln           	S	[0] 
-method_limits 	S	[0] 
-method        	S	[0] 
-lib           	S	[0] 
-profile       	S	[0] 
-profile1      	S	[0] 
-profile2      	S	[0] 
-pdb           	S	[0] 
-relax_lib     	D	[0] 	1 
-filter_lib    	D	[0] 	0 
-shrink_lib    	D	[0] 	0 
-out_lib       	W_F	[0] 	no
-out_lib_mode  	S	[0] 	primary
-lib_only      	D	[0] 	0 
-outseqweight  	W_F	[0] 	no
-dpa           	FL	[0] 	0
-seq_source    	S	[0] 	ANY
-cosmetic_penalty	D	[0] 	0 
-gapopen       	D	[0] 	0 
-gapext        	D	[0] 	0 
-fgapopen      	D	[0] 	0 
-fgapext       	D	[0] 	0 
-nomatch       	D	[0] 	0 
-newtree       	W_F	[0] 	default
-tree          	W_F	[0] 	NO
-usetree       	R_F	[0] 
-tree_mode     	S	[0] 	nj
-distance_matrix_mode	S	[0] 	ktup
-distance_matrix_sim_mode	S	[0] 	idmat_sim1
-quicktree     	FL	[0] 	0
-outfile       	W_F	[0] 	default
-maximise      	FL	[1] 	1
-output        	S	[1] 	score_html	clustalw_aln	fasta_aln	score_ascii	phylip
-len           	D	[0] 	0 
-infile        	R_F	[0] 
-matrix        	S	[0] 	default
-tg_mode       	D	[0] 	1 
-profile_mode  	S	[0] 	cw_profile_profile
-profile_comparison	S	[0] 	profile
-dp_mode       	S	[0] 	linked_pair_wise
-ktuple        	D	[0] 	1 
-ndiag         	D	[0] 	0 
-diag_threshold	D	[0] 	0 
-diag_mode     	D	[0] 	0 
-sim_matrix    	S	[0] 	vasiliky
-transform     	S	[0] 
-extend_seq    	FL	[0] 	0
-outorder      	S	[1] 	input
-inorder       	S	[0] 	aligned
-seqnos        	S	[1] 	off
-case          	S	[1] 	upper
-cpu           	D	[0] 	0 
-ulimit        	D	[0] 	-1 
-maxnseq       	D	[1] 	150 
-maxlen        	D	[1] 	10000 
-sample_dp     	D	[0] 	0 
-weight        	S	[0] 	default
-seq_weight    	S	[0] 	no
-align         	FL	[1] 	1
-mocca         	FL	[0] 	0
-domain        	FL	[0] 	0
-start         	D	[0] 	0 
-len           	D	[0] 	0 
-scale         	D	[0] 	0 
-mocca_interactive	FL	[0] 	0
-method_evaluate_mode	S	[0] 	default
-color_mode    	S	[0] 	new
-aln_line_length	D	[0] 	0 
-evaluate_mode 	S	[0] 	triplet
-get_type      	FL	[0] 	0
-clean_aln     	D	[0] 	0 
-clean_threshold	D	[1] 	1 
-clean_iteration	D	[1] 	1 
-clean_evaluate_mode	S	[0] 	t_coffee_fast
-extend_matrix 	FL	[0] 	0
-prot_min_sim  	D	[40] 	40 
-prot_max_sim  	D	[90] 	90 
-prot_trim     	D	[20] 	20 
-prot_min_cov  	D	[40] 	40 
-pdb_type      	S	[0] 	d
-pdb_min_sim   	D	[35] 	35 
-pdb_max_sim   	D	[100] 	100 
-pdb_min_cov   	D	[50] 	50 
-pdb_blast_server	W_F	[0] 	EBI
-blast         	W_F	[0] 
-blast_server  	W_F	[0] 	EBI
-pdb_db        	W_F	[0] 	pdb
-protein_db    	W_F	[0] 	uniprot
-method_log    	W_F	[0] 	no
-struc_to_use  	S	[0] 
-cache         	W_F	[0] 	use
-align_pdb_param_file	W_F	[0] 	no
-align_pdb_hasch_mode	W_F	[0] 	hasch_ca_trace_bubble
-external_aligner	S	[0] 	NO
-msa_mode      	S	[0] 	tree
-et_mode       	S	[0] 	et
-master        	S	[0] 	no
-blast_nseq    	D	[0] 	0 
-lalign_n_top  	D	[0] 	10 
-iterate       	D	[0] 	0 
-trim          	D	[0] 	0 
-split         	D	[0] 	0 
-trimfile      	S	[0] 	default
-split         	D	[0] 	0 
-split_nseq_thres	D	[0] 	0 
-split_score_thres	D	[0] 	0 
-check_pdb_status	D	[0] 	0 
-clean_seq_name	D	[0] 	0 
-seq_to_keep   	S	[0] 
-dpa_master_aln	S	[0] 
-dpa_maxnseq   	D	[0] 	0 
-dpa_min_score1	D	[0] 
-dpa_min_score2	D	[0] 
-dpa_keep_tmpfile	FL	[0] 	0
-dpa_debug     	D	[0] 	0 
-multi_core    	S	[1] 	4
-n_core        	D	[0] 	0 
-max_n_proc    	D	[0] 	0 
-lib_list      	S	[0] 
-prune_lib_mode	S	[0] 	5
-tip           	S	[0] 	none
-rna_lib       	S	[0] 
-no_warning    	D	[0] 	0 
-run_local_script	D	[0] 	0 
-plugins       	S	[0] 	default
-proxy         	S	[0] 	unset
-email         	S	[0] 
-clean_overaln 	D	[0] 	0 
-overaln_param 	S	[0] 
-overaln_mode  	S	[0] 
-overaln_model 	S	[0] 
-overaln_threshold	D	[0] 	0 
-overaln_target	D	[0] 	0 
-overaln_P1    	D	[0] 	0 
-overaln_P2    	D	[0] 	0 
-overaln_P3    	D	[0] 	0 
-overaln_P4    	D	[0] 	0 
-exon_boundaries	S	[0] 
-dump          	S	[0] 	no
-display       	D	[0] 	100 

INPUT FILES
	Input File (S) SomatotropinTogether.txt  Format fasta_seq
	Input File (M) proba_pair 

Identify Master Sequences [no]:

Master Sequences Identified
INPUT SEQUENCES: 8 SEQUENCES  [PROTEIN]
  Input File SomatotropinTogether.txt Seq sp|P01241|SOMA_HUMAN Length  217 type PROTEIN Struct Unchecked
  Input File SomatotropinTogether.txt Seq sp|P01245|SOMA_HORSE Length  216 type PROTEIN Struct Unchecked
  Input File SomatotropinTogether.txt Seq sp|P10814|SOMA_SALSA Length  210 type PROTEIN Struct Unchecked
  Input File SomatotropinTogether.txt Seq sp|P34005|SOMA_CHEMY Length  191 type PROTEIN Struct Unchecked
  Input File SomatotropinTogether.txt Seq sp|P55755|SOMA_CRONO Length  190 type PROTEIN Struct Unchecked
  Input File SomatotropinTogether.txt Seq sp|P58343|SOMA_SAIBB Length  217 type PROTEIN Struct Unchecked
  Input File SomatotropinTogether.txt Seq sp|Q7YRR6|SOMA_CAMDR Length  216 type PROTEIN Struct Unchecked
  Input File SomatotropinTogether.txt Seq sp|Q9GMB2|SOMA_NYCPY Length  217 type PROTEIN Struct Unchecked

	Multi Core Mode: 16 processors:

	--- Process Method/Library/Aln SSomatotropinTogether.txt
	--- Process Method/Library/Aln Mproba_pair
	xxx Retrieved SSomatotropinTogether.txt
	xxx Retrieved Mproba_pair

	All Methods Retrieved

MANUAL PENALTIES: gapopen=0 gapext=0

	Library Total Size: [14850]

Library Relaxation: Multi_proc [1]
 
Relaxation Summary: [14850]--->[13756]



UN-WEIGHTED MODE: EVERY SEQUENCE WEIGHTS 1

MAKE GUIDE TREE 
	[MODE=nj][DONE]

PROGRESSIVE_ALIGNMENT [Tree Based]
Group    1: sp|P01241|SOMA_HUMAN
Group    2: sp|P01245|SOMA_HORSE
Group    3: sp|P10814|SOMA_SALSA
Group    4: sp|P34005|SOMA_CHEMY
Group    5: sp|P55755|SOMA_CRONO
Group    6: sp|P58343|SOMA_SAIBB
Group    7: sp|Q7YRR6|SOMA_CAMDR
Group    8: sp|Q9GMB2|SOMA_NYCPY

#Single Thread

	Group    9: [Group    6 (   1 seq)] with [Group    1 (   1 seq)]-->[Len=  217][PID:22445]
	Group   10: [Group    7 (   1 seq)] with [Group    2 (   1 seq)]-->[Len=  216][PID:22445]
	Group   11: [Group   10 (   2 seq)] with [Group    8 (   1 seq)]-->[Len=  217][PID:22445]
	Group   12: [Group    5 (   1 seq)] with [Group    4 (   1 seq)]-->[Len=  191][PID:22445]
PROGRAM: T-COFFEE Version_11.00 (Version_11.00)
-full_log      	S	[0] 
-genepred_score	S	[0] 	nsd
-run_name      	S	[1] 	result
-mem_mode      	S	[0] 	mem
-extend        	D	[1] 	1 
-extend_mode   	S	[0] 	very_fast_triplet
-max_n_pair    	D	[0] 	10 
-seq_name_for_quadruplet	S	[0] 	all
-compact       	S	[0] 	default
-clean         	S	[0] 	no
-do_self       	FL	[0] 	0
-do_normalise  	D	[0] 	1000 
-template_file 	S	[0] 
-setenv        	S	[0] 	0
-export        	S	[0] 	0
-template_mode 	S	[0] 
-flip          	D	[0] 	0 
-remove_template_file	D	[0] 	0 
-profile_template_file	S	[0] 
-in            	S	[1] 	SomatotropinTogether.txt
-seq           	S	[0] 
-aln           	S	[0] 
-method_limits 	S	[0] 
-method        	S	[0] 
-lib           	S	[0] 
-profile       	S	[0] 
-profile1      	S	[0] 
-profile2      	S	[0] 
-pdb           	S	[0] 
-relax_lib     	D	[0] 	1 
-filter_lib    	D	[0] 	0 
-shrink_lib    	D	[0] 	0 
-out_lib       	W_F	[0] 	no
-out_lib_mode  	S	[0] 	primary
-lib_only      	D	[0] 	0 
-outseqweight  	W_F	[0] 	no
-dpa           	FL	[0] 	0
-seq_source    	S	[0] 	ANY
-cosmetic_penalty	D	[0] 	0 
-gapopen       	D	[0] 	0 
-gapext        	D	[0] 	0 
-fgapopen      	D	[0] 	0 
-fgapext       	D	[0] 	0 
-nomatch       	D	[0] 	0 
-newtree       	W_F	[0] 	default
-tree          	W_F	[0] 	NO
-usetree       	R_F	[0] 
-tree_mode     	S	[0] 	nj
-distance_matrix_mode	S	[0] 	ktup
-distance_matrix_sim_mode	S	[0] 	idmat_sim1
-quicktree     	FL	[0] 	0
-outfile       	W_F	[0] 	default
-maximise      	FL	[1] 	1
-output        	S	[1] 	score_html	clustalw_aln	fasta_aln	score_ascii	phylip
-len           	D	[0] 	0 
-infile        	R_F	[0] 
-matrix        	S	[0] 	default
-tg_mode       	D	[0] 	1 
-profile_mode  	S	[0] 	cw_profile_profile
-profile_comparison	S	[0] 	profile
-dp_mode       	S	[0] 	linked_pair_wise
-ktuple        	D	[0] 	1 
-ndiag         	D	[0] 	0 
-diag_threshold	D	[0] 	0 
-diag_mode     	D	[0] 	0 
-sim_matrix    	S	[0] 	vasiliky
-transform     	S	[0] 
-extend_seq    	FL	[0] 	0
-outorder      	S	[1] 	input
-inorder       	S	[0] 	aligned
-seqnos        	S	[1] 	off
-case          	S	[1] 	upper
-cpu           	D	[0] 	0 
-ulimit        	D	[0] 	-1 
-maxnseq       	D	[1] 	150 
-maxlen        	D	[1] 	10000 
-sample_dp     	D	[0] 	0 
-weight        	S	[0] 	default
-seq_weight    	S	[0] 	no
-align         	FL	[1] 	1
-mocca         	FL	[0] 	0
-domain        	FL	[0] 	0
-start         	D	[0] 	0 
-len           	D	[0] 	0 
-scale         	D	[0] 	0 
-mocca_interactive	FL	[0] 	0
-method_evaluate_mode	S	[0] 	default
-color_mode    	S	[0] 	new
-aln_line_length	D	[0] 	0 
-evaluate_mode 	S	[0] 	triplet
-get_type      	FL	[0] 	0
-clean_aln     	D	[0] 	0 
-clean_threshold	D	[1] 	1 
-clean_iteration	D	[1] 	1 
-clean_evaluate_mode	S	[0] 	t_coffee_fast
-extend_matrix 	FL	[0] 	0
-prot_min_sim  	D	[40] 	40 
-prot_max_sim  	D	[90] 	90 
-prot_trim     	D	[20] 	20 
-prot_min_cov  	D	[40] 	40 
-pdb_type      	S	[0] 	d
-pdb_min_sim   	D	[35] 	35 
-pdb_max_sim   	D	[100] 	100 
-pdb_min_cov   	D	[50] 	50 
-pdb_blast_server	W_F	[0] 	EBI
-blast         	W_F	[0] 
-blast_server  	W_F	[0] 	EBI
-pdb_db        	W_F	[0] 	pdb
-protein_db    	W_F	[0] 	uniprot
-method_log    	W_F	[0] 	no
-struc_to_use  	S	[0] 
-cache         	W_F	[0] 	use
-align_pdb_param_file	W_F	[0] 	no
-align_pdb_hasch_mode	W_F	[0] 	hasch_ca_trace_bubble
-external_aligner	S	[0] 	NO
-msa_mode      	S	[0] 	tree
-et_mode       	S	[0] 	et
-master        	S	[0] 	no
-blast_nseq    	D	[0] 	0 
-lalign_n_top  	D	[0] 	10 
-iterate       	D	[0] 	0 
-trim          	D	[0] 	0 
-split         	D	[0] 	0 
-trimfile      	S	[0] 	default
-split         	D	[0] 	0 
-split_nseq_thres	D	[0] 	0 
-split_score_thres	D	[0] 	0 
-check_pdb_status	D	[0] 	0 
-clean_seq_name	D	[0] 	0 
-seq_to_keep   	S	[0] 
-dpa_master_aln	S	[0] 
-dpa_maxnseq   	D	[0] 	0 
-dpa_min_score1	D	[0] 
-dpa_min_score2	D	[0] 
-dpa_keep_tmpfile	FL	[0] 	0
-dpa_debug     	D	[0] 	0 
-multi_core    	S	[1] 	4
-n_core        	D	[0] 	0 
-max_n_proc    	D	[0] 	0 
-lib_list      	S	[0] 
-prune_lib_mode	S	[0] 	5
-tip           	S	[0] 	none
-rna_lib       	S	[0] 
-no_warning    	D	[0] 	0 
-run_local_script	D	[0] 	0 
-plugins       	S	[0] 	default
-proxy         	S	[0] 	unset
-email         	S	[0] 
-clean_overaln 	D	[0] 	0 
-overaln_param 	S	[0] 
-overaln_mode  	S	[0] 
-overaln_model 	S	[0] 
-overaln_threshold	D	[0] 	0 
-overaln_target	D	[0] 	0 
-overaln_P1    	D	[0] 	0 
-overaln_P2    	D	[0] 	0 
-overaln_P3    	D	[0] 	0 
-overaln_P4    	D	[0] 	0 
-exon_boundaries	S	[0] 
-dump          	S	[0] 	no
-display       	D	[0] 	100 

INPUT FILES
	Input File (S) SomatotropinTogether.txt  Format fasta_seq
	Input File (M) proba_pair 

Identify Master Sequences [no]:

Master Sequences Identified
INPUT SEQUENCES: 8 SEQUENCES  [PROTEIN]
  Input File SomatotropinTogether.txt Seq sp|P01241|SOMA_HUMAN Length  217 type PROTEIN Struct Unchecked
  Input File SomatotropinTogether.txt Seq sp|P01245|SOMA_HORSE Length  216 type PROTEIN Struct Unchecked
  Input File SomatotropinTogether.txt Seq sp|P10814|SOMA_SALSA Length  210 type PROTEIN Struct Unchecked
  Input File SomatotropinTogether.txt Seq sp|P34005|SOMA_CHEMY Length  191 type PROTEIN Struct Unchecked
  Input File SomatotropinTogether.txt Seq sp|P55755|SOMA_CRONO Length  190 type PROTEIN Struct Unchecked
  Input File SomatotropinTogether.txt Seq sp|P58343|SOMA_SAIBB Length  217 type PROTEIN Struct Unchecked
  Input File SomatotropinTogether.txt Seq sp|Q7YRR6|SOMA_CAMDR Length  216 type PROTEIN Struct Unchecked
  Input File SomatotropinTogether.txt Seq sp|Q9GMB2|SOMA_NYCPY Length  217 type PROTEIN Struct Unchecked

	Multi Core Mode: 16 processors:

	--- Process Method/Library/Aln SSomatotropinTogether.txt
	--- Process Method/Library/Aln Mproba_pair
	xxx Retrieved SSomatotropinTogether.txt
	xxx Retrieved Mproba_pair

	All Methods Retrieved

MANUAL PENALTIES: gapopen=0 gapext=0

	Library Total Size: [14850]

Library Relaxation: Multi_proc [1]
 
Relaxation Summary: [14850]--->[13756]



UN-WEIGHTED MODE: EVERY SEQUENCE WEIGHTS 1

MAKE GUIDE TREE 
	[MODE=nj][DONE]

PROGRESSIVE_ALIGNMENT [Tree Based]
Group    1: sp|P01241|SOMA_HUMAN
Group    2: sp|P01245|SOMA_HORSE
Group    3: sp|P10814|SOMA_SALSA
Group    4: sp|P34005|SOMA_CHEMY
Group    5: sp|P55755|SOMA_CRONO
Group    6: sp|P58343|SOMA_SAIBB
Group    7: sp|Q7YRR6|SOMA_CAMDR
Group    8: sp|Q9GMB2|SOMA_NYCPY

#Single Thread

	Group    9: [Group    6 (   1 seq)] with [Group    1 (   1 seq)]-->[Len=  217][PID:22445]
	Group   10: [Group    7 (   1 seq)] with [Group    2 (   1 seq)]-->[Len=  216][PID:22445]
	Group   11: [Group   10 (   2 seq)] with [Group    8 (   1 seq)]-->[Len=  217][PID:22445]
	Group   12: [Group    5 (   1 seq)] with [Group    4 (   1 seq)]-->[Len=  191][PID:22445]
	Group   13: [Group   12 (   2 seq)] with [Group   11 (   3 seq)]-->[Len=  217][PID:22445]
PROGRAM: T-COFFEE Version_11.00 (Version_11.00)
-full_log      	S	[0] 
-genepred_score	S	[0] 	nsd
-run_name      	S	[1] 	result
-mem_mode      	S	[0] 	mem
-extend        	D	[1] 	1 
-extend_mode   	S	[0] 	very_fast_triplet
-max_n_pair    	D	[0] 	10 
-seq_name_for_quadruplet	S	[0] 	all
-compact       	S	[0] 	default
-clean         	S	[0] 	no
-do_self       	FL	[0] 	0
-do_normalise  	D	[0] 	1000 
-template_file 	S	[0] 
-setenv        	S	[0] 	0
-export        	S	[0] 	0
-template_mode 	S	[0] 
-flip          	D	[0] 	0 
-remove_template_file	D	[0] 	0 
-profile_template_file	S	[0] 
-in            	S	[1] 	SomatotropinTogether.txt
-seq           	S	[0] 
-aln           	S	[0] 
-method_limits 	S	[0] 
-method        	S	[0] 
-lib           	S	[0] 
-profile       	S	[0] 
-profile1      	S	[0] 
-profile2      	S	[0] 
-pdb           	S	[0] 
-relax_lib     	D	[0] 	1 
-filter_lib    	D	[0] 	0 
-shrink_lib    	D	[0] 	0 
-out_lib       	W_F	[0] 	no
-out_lib_mode  	S	[0] 	primary
-lib_only      	D	[0] 	0 
-outseqweight  	W_F	[0] 	no
-dpa           	FL	[0] 	0
-seq_source    	S	[0] 	ANY
-cosmetic_penalty	D	[0] 	0 
-gapopen       	D	[0] 	0 
-gapext        	D	[0] 	0 
-fgapopen      	D	[0] 	0 
-fgapext       	D	[0] 	0 
-nomatch       	D	[0] 	0 
-newtree       	W_F	[0] 	default
-tree          	W_F	[0] 	NO
-usetree       	R_F	[0] 
-tree_mode     	S	[0] 	nj
-distance_matrix_mode	S	[0] 	ktup
-distance_matrix_sim_mode	S	[0] 	idmat_sim1
-quicktree     	FL	[0] 	0
-outfile       	W_F	[0] 	default
-maximise      	FL	[1] 	1
-output        	S	[1] 	score_html	clustalw_aln	fasta_aln	score_ascii	phylip
-len           	D	[0] 	0 
-infile        	R_F	[0] 
-matrix        	S	[0] 	default
-tg_mode       	D	[0] 	1 
-profile_mode  	S	[0] 	cw_profile_profile
-profile_comparison	S	[0] 	profile
-dp_mode       	S	[0] 	linked_pair_wise
-ktuple        	D	[0] 	1 
-ndiag         	D	[0] 	0 
-diag_threshold	D	[0] 	0 
-diag_mode     	D	[0] 	0 
-sim_matrix    	S	[0] 	vasiliky
-transform     	S	[0] 
-extend_seq    	FL	[0] 	0
-outorder      	S	[1] 	input
-inorder       	S	[0] 	aligned
-seqnos        	S	[1] 	off
-case          	S	[1] 	upper
-cpu           	D	[0] 	0 
-ulimit        	D	[0] 	-1 
-maxnseq       	D	[1] 	150 
-maxlen        	D	[1] 	10000 
-sample_dp     	D	[0] 	0 
-weight        	S	[0] 	default
-seq_weight    	S	[0] 	no
-align         	FL	[1] 	1
-mocca         	FL	[0] 	0
-domain        	FL	[0] 	0
-start         	D	[0] 	0 
-len           	D	[0] 	0 
-scale         	D	[0] 	0 
-mocca_interactive	FL	[0] 	0
-method_evaluate_mode	S	[0] 	default
-color_mode    	S	[0] 	new
-aln_line_length	D	[0] 	0 
-evaluate_mode 	S	[0] 	triplet
-get_type      	FL	[0] 	0
-clean_aln     	D	[0] 	0 
-clean_threshold	D	[1] 	1 
-clean_iteration	D	[1] 	1 
-clean_evaluate_mode	S	[0] 	t_coffee_fast
-extend_matrix 	FL	[0] 	0
-prot_min_sim  	D	[40] 	40 
-prot_max_sim  	D	[90] 	90 
-prot_trim     	D	[20] 	20 
-prot_min_cov  	D	[40] 	40 
-pdb_type      	S	[0] 	d
-pdb_min_sim   	D	[35] 	35 
-pdb_max_sim   	D	[100] 	100 
-pdb_min_cov   	D	[50] 	50 
-pdb_blast_server	W_F	[0] 	EBI
-blast         	W_F	[0] 
-blast_server  	W_F	[0] 	EBI
-pdb_db        	W_F	[0] 	pdb
-protein_db    	W_F	[0] 	uniprot
-method_log    	W_F	[0] 	no
-struc_to_use  	S	[0] 
-cache         	W_F	[0] 	use
-align_pdb_param_file	W_F	[0] 	no
-align_pdb_hasch_mode	W_F	[0] 	hasch_ca_trace_bubble
-external_aligner	S	[0] 	NO
-msa_mode      	S	[0] 	tree
-et_mode       	S	[0] 	et
-master        	S	[0] 	no
-blast_nseq    	D	[0] 	0 
-lalign_n_top  	D	[0] 	10 
-iterate       	D	[0] 	0 
-trim          	D	[0] 	0 
-split         	D	[0] 	0 
-trimfile      	S	[0] 	default
-split         	D	[0] 	0 
-split_nseq_thres	D	[0] 	0 
-split_score_thres	D	[0] 	0 
-check_pdb_status	D	[0] 	0 
-clean_seq_name	D	[0] 	0 
-seq_to_keep   	S	[0] 
-dpa_master_aln	S	[0] 
-dpa_maxnseq   	D	[0] 	0 
-dpa_min_score1	D	[0] 
-dpa_min_score2	D	[0] 
-dpa_keep_tmpfile	FL	[0] 	0
-dpa_debug     	D	[0] 	0 
-multi_core    	S	[1] 	4
-n_core        	D	[0] 	0 
-max_n_proc    	D	[0] 	0 
-lib_list      	S	[0] 
-prune_lib_mode	S	[0] 	5
-tip           	S	[0] 	none
-rna_lib       	S	[0] 
-no_warning    	D	[0] 	0 
-run_local_script	D	[0] 	0 
-plugins       	S	[0] 	default
-proxy         	S	[0] 	unset
-email         	S	[0] 
-clean_overaln 	D	[0] 	0 
-overaln_param 	S	[0] 
-overaln_mode  	S	[0] 
-overaln_model 	S	[0] 
-overaln_threshold	D	[0] 	0 
-overaln_target	D	[0] 	0 
-overaln_P1    	D	[0] 	0 
-overaln_P2    	D	[0] 	0 
-overaln_P3    	D	[0] 	0 
-overaln_P4    	D	[0] 	0 
-exon_boundaries	S	[0] 
-dump          	S	[0] 	no
-display       	D	[0] 	100 

INPUT FILES
	Input File (S) SomatotropinTogether.txt  Format fasta_seq
	Input File (M) proba_pair 

Identify Master Sequences [no]:

Master Sequences Identified
INPUT SEQUENCES: 8 SEQUENCES  [PROTEIN]
  Input File SomatotropinTogether.txt Seq sp|P01241|SOMA_HUMAN Length  217 type PROTEIN Struct Unchecked
  Input File SomatotropinTogether.txt Seq sp|P01245|SOMA_HORSE Length  216 type PROTEIN Struct Unchecked
  Input File SomatotropinTogether.txt Seq sp|P10814|SOMA_SALSA Length  210 type PROTEIN Struct Unchecked
  Input File SomatotropinTogether.txt Seq sp|P34005|SOMA_CHEMY Length  191 type PROTEIN Struct Unchecked
  Input File SomatotropinTogether.txt Seq sp|P55755|SOMA_CRONO Length  190 type PROTEIN Struct Unchecked
  Input File SomatotropinTogether.txt Seq sp|P58343|SOMA_SAIBB Length  217 type PROTEIN Struct Unchecked
  Input File SomatotropinTogether.txt Seq sp|Q7YRR6|SOMA_CAMDR Length  216 type PROTEIN Struct Unchecked
  Input File SomatotropinTogether.txt Seq sp|Q9GMB2|SOMA_NYCPY Length  217 type PROTEIN Struct Unchecked

	Multi Core Mode: 16 processors:

	--- Process Method/Library/Aln SSomatotropinTogether.txt
	--- Process Method/Library/Aln Mproba_pair
	xxx Retrieved SSomatotropinTogether.txt
	xxx Retrieved Mproba_pair

	All Methods Retrieved

MANUAL PENALTIES: gapopen=0 gapext=0

	Library Total Size: [14850]

Library Relaxation: Multi_proc [1]
 
Relaxation Summary: [14850]--->[13756]



UN-WEIGHTED MODE: EVERY SEQUENCE WEIGHTS 1

MAKE GUIDE TREE 
	[MODE=nj][DONE]

PROGRESSIVE_ALIGNMENT [Tree Based]
Group    1: sp|P01241|SOMA_HUMAN
Group    2: sp|P01245|SOMA_HORSE
Group    3: sp|P10814|SOMA_SALSA
Group    4: sp|P34005|SOMA_CHEMY
Group    5: sp|P55755|SOMA_CRONO
Group    6: sp|P58343|SOMA_SAIBB
Group    7: sp|Q7YRR6|SOMA_CAMDR
Group    8: sp|Q9GMB2|SOMA_NYCPY

#Single Thread

	Group    9: [Group    6 (   1 seq)] with [Group    1 (   1 seq)]-->[Len=  217][PID:22445]
	Group   10: [Group    7 (   1 seq)] with [Group    2 (   1 seq)]-->[Len=  216][PID:22445]
	Group   11: [Group   10 (   2 seq)] with [Group    8 (   1 seq)]-->[Len=  217][PID:22445]
	Group   12: [Group    5 (   1 seq)] with [Group    4 (   1 seq)]-->[Len=  191][PID:22445]
	Group   13: [Group   12 (   2 seq)] with [Group   11 (   3 seq)]-->[Len=  217][PID:22445]
	Group   14: [Group   13 (   5 seq)] with [Group    9 (   2 seq)]-->[Len=  219][PID:22445]
PROGRAM: T-COFFEE Version_11.00 (Version_11.00)
-full_log      	S	[0] 
-genepred_score	S	[0] 	nsd
-run_name      	S	[1] 	result
-mem_mode      	S	[0] 	mem
-extend        	D	[1] 	1 
-extend_mode   	S	[0] 	very_fast_triplet
-max_n_pair    	D	[0] 	10 
-seq_name_for_quadruplet	S	[0] 	all
-compact       	S	[0] 	default
-clean         	S	[0] 	no
-do_self       	FL	[0] 	0
-do_normalise  	D	[0] 	1000 
-template_file 	S	[0] 
-setenv        	S	[0] 	0
-export        	S	[0] 	0
-template_mode 	S	[0] 
-flip          	D	[0] 	0 
-remove_template_file	D	[0] 	0 
-profile_template_file	S	[0] 
-in            	S	[1] 	SomatotropinTogether.txt
-seq           	S	[0] 
-aln           	S	[0] 
-method_limits 	S	[0] 
-method        	S	[0] 
-lib           	S	[0] 
-profile       	S	[0] 
-profile1      	S	[0] 
-profile2      	S	[0] 
-pdb           	S	[0] 
-relax_lib     	D	[0] 	1 
-filter_lib    	D	[0] 	0 
-shrink_lib    	D	[0] 	0 
-out_lib       	W_F	[0] 	no
-out_lib_mode  	S	[0] 	primary
-lib_only      	D	[0] 	0 
-outseqweight  	W_F	[0] 	no
-dpa           	FL	[0] 	0
-seq_source    	S	[0] 	ANY
-cosmetic_penalty	D	[0] 	0 
-gapopen       	D	[0] 	0 
-gapext        	D	[0] 	0 
-fgapopen      	D	[0] 	0 
-fgapext       	D	[0] 	0 
-nomatch       	D	[0] 	0 
-newtree       	W_F	[0] 	default
-tree          	W_F	[0] 	NO
-usetree       	R_F	[0] 
-tree_mode     	S	[0] 	nj
-distance_matrix_mode	S	[0] 	ktup
-distance_matrix_sim_mode	S	[0] 	idmat_sim1
-quicktree     	FL	[0] 	0
-outfile       	W_F	[0] 	default
-maximise      	FL	[1] 	1
-output        	S	[1] 	score_html	clustalw_aln	fasta_aln	score_ascii	phylip
-len           	D	[0] 	0 
-infile        	R_F	[0] 
-matrix        	S	[0] 	default
-tg_mode       	D	[0] 	1 
-profile_mode  	S	[0] 	cw_profile_profile
-profile_comparison	S	[0] 	profile
-dp_mode       	S	[0] 	linked_pair_wise
-ktuple        	D	[0] 	1 
-ndiag         	D	[0] 	0 
-diag_threshold	D	[0] 	0 
-diag_mode     	D	[0] 	0 
-sim_matrix    	S	[0] 	vasiliky
-transform     	S	[0] 
-extend_seq    	FL	[0] 	0
-outorder      	S	[1] 	input
-inorder       	S	[0] 	aligned
-seqnos        	S	[1] 	off
-case          	S	[1] 	upper
-cpu           	D	[0] 	0 
-ulimit        	D	[0] 	-1 
-maxnseq       	D	[1] 	150 
-maxlen        	D	[1] 	10000 
-sample_dp     	D	[0] 	0 
-weight        	S	[0] 	default
-seq_weight    	S	[0] 	no
-align         	FL	[1] 	1
-mocca         	FL	[0] 	0
-domain        	FL	[0] 	0
-start         	D	[0] 	0 
-len           	D	[0] 	0 
-scale         	D	[0] 	0 
-mocca_interactive	FL	[0] 	0
-method_evaluate_mode	S	[0] 	default
-color_mode    	S	[0] 	new
-aln_line_length	D	[0] 	0 
-evaluate_mode 	S	[0] 	triplet
-get_type      	FL	[0] 	0
-clean_aln     	D	[0] 	0 
-clean_threshold	D	[1] 	1 
-clean_iteration	D	[1] 	1 
-clean_evaluate_mode	S	[0] 	t_coffee_fast
-extend_matrix 	FL	[0] 	0
-prot_min_sim  	D	[40] 	40 
-prot_max_sim  	D	[90] 	90 
-prot_trim     	D	[20] 	20 
-prot_min_cov  	D	[40] 	40 
-pdb_type      	S	[0] 	d
-pdb_min_sim   	D	[35] 	35 
-pdb_max_sim   	D	[100] 	100 
-pdb_min_cov   	D	[50] 	50 
-pdb_blast_server	W_F	[0] 	EBI
-blast         	W_F	[0] 
-blast_server  	W_F	[0] 	EBI
-pdb_db        	W_F	[0] 	pdb
-protein_db    	W_F	[0] 	uniprot
-method_log    	W_F	[0] 	no
-struc_to_use  	S	[0] 
-cache         	W_F	[0] 	use
-align_pdb_param_file	W_F	[0] 	no
-align_pdb_hasch_mode	W_F	[0] 	hasch_ca_trace_bubble
-external_aligner	S	[0] 	NO
-msa_mode      	S	[0] 	tree
-et_mode       	S	[0] 	et
-master        	S	[0] 	no
-blast_nseq    	D	[0] 	0 
-lalign_n_top  	D	[0] 	10 
-iterate       	D	[0] 	0 
-trim          	D	[0] 	0 
-split         	D	[0] 	0 
-trimfile      	S	[0] 	default
-split         	D	[0] 	0 
-split_nseq_thres	D	[0] 	0 
-split_score_thres	D	[0] 	0 
-check_pdb_status	D	[0] 	0 
-clean_seq_name	D	[0] 	0 
-seq_to_keep   	S	[0] 
-dpa_master_aln	S	[0] 
-dpa_maxnseq   	D	[0] 	0 
-dpa_min_score1	D	[0] 
-dpa_min_score2	D	[0] 
-dpa_keep_tmpfile	FL	[0] 	0
-dpa_debug     	D	[0] 	0 
-multi_core    	S	[1] 	4
-n_core        	D	[0] 	0 
-max_n_proc    	D	[0] 	0 
-lib_list      	S	[0] 
-prune_lib_mode	S	[0] 	5
-tip           	S	[0] 	none
-rna_lib       	S	[0] 
-no_warning    	D	[0] 	0 
-run_local_script	D	[0] 	0 
-plugins       	S	[0] 	default
-proxy         	S	[0] 	unset
-email         	S	[0] 
-clean_overaln 	D	[0] 	0 
-overaln_param 	S	[0] 
-overaln_mode  	S	[0] 
-overaln_model 	S	[0] 
-overaln_threshold	D	[0] 	0 
-overaln_target	D	[0] 	0 
-overaln_P1    	D	[0] 	0 
-overaln_P2    	D	[0] 	0 
-overaln_P3    	D	[0] 	0 
-overaln_P4    	D	[0] 	0 
-exon_boundaries	S	[0] 
-dump          	S	[0] 	no
-display       	D	[0] 	100 

INPUT FILES
	Input File (S) SomatotropinTogether.txt  Format fasta_seq
	Input File (M) proba_pair 

Identify Master Sequences [no]:

Master Sequences Identified
INPUT SEQUENCES: 8 SEQUENCES  [PROTEIN]
  Input File SomatotropinTogether.txt Seq sp|P01241|SOMA_HUMAN Length  217 type PROTEIN Struct Unchecked
  Input File SomatotropinTogether.txt Seq sp|P01245|SOMA_HORSE Length  216 type PROTEIN Struct Unchecked
  Input File SomatotropinTogether.txt Seq sp|P10814|SOMA_SALSA Length  210 type PROTEIN Struct Unchecked
  Input File SomatotropinTogether.txt Seq sp|P34005|SOMA_CHEMY Length  191 type PROTEIN Struct Unchecked
  Input File SomatotropinTogether.txt Seq sp|P55755|SOMA_CRONO Length  190 type PROTEIN Struct Unchecked
  Input File SomatotropinTogether.txt Seq sp|P58343|SOMA_SAIBB Length  217 type PROTEIN Struct Unchecked
  Input File SomatotropinTogether.txt Seq sp|Q7YRR6|SOMA_CAMDR Length  216 type PROTEIN Struct Unchecked
  Input File SomatotropinTogether.txt Seq sp|Q9GMB2|SOMA_NYCPY Length  217 type PROTEIN Struct Unchecked

	Multi Core Mode: 16 processors:

	--- Process Method/Library/Aln SSomatotropinTogether.txt
	--- Process Method/Library/Aln Mproba_pair
	xxx Retrieved SSomatotropinTogether.txt
	xxx Retrieved Mproba_pair

	All Methods Retrieved

MANUAL PENALTIES: gapopen=0 gapext=0

	Library Total Size: [14850]

Library Relaxation: Multi_proc [1]
 
Relaxation Summary: [14850]--->[13756]



UN-WEIGHTED MODE: EVERY SEQUENCE WEIGHTS 1

MAKE GUIDE TREE 
	[MODE=nj][DONE]

PROGRESSIVE_ALIGNMENT [Tree Based]
Group    1: sp|P01241|SOMA_HUMAN
Group    2: sp|P01245|SOMA_HORSE
Group    3: sp|P10814|SOMA_SALSA
Group    4: sp|P34005|SOMA_CHEMY
Group    5: sp|P55755|SOMA_CRONO
Group    6: sp|P58343|SOMA_SAIBB
Group    7: sp|Q7YRR6|SOMA_CAMDR
Group    8: sp|Q9GMB2|SOMA_NYCPY

#Single Thread

	Group    9: [Group    6 (   1 seq)] with [Group    1 (   1 seq)]-->[Len=  217][PID:22445]
	Group   10: [Group    7 (   1 seq)] with [Group    2 (   1 seq)]-->[Len=  216][PID:22445]
	Group   11: [Group   10 (   2 seq)] with [Group    8 (   1 seq)]-->[Len=  217][PID:22445]
	Group   12: [Group    5 (   1 seq)] with [Group    4 (   1 seq)]-->[Len=  191][PID:22445]
	Group   13: [Group   12 (   2 seq)] with [Group   11 (   3 seq)]-->[Len=  217][PID:22445]
	Group   14: [Group   13 (   5 seq)] with [Group    9 (   2 seq)]-->[Len=  219][PID:22445]
	Group   15: [Group    3 (   1 seq)] with [Group   14 (   7 seq)]-->[Len=  222][PID:22445]


!		[Final Evaluation][TOT=  222][  0 %]!		[Final Evaluation][TOT=  222][  1 %]!		[Final Evaluation][TOT=  222][  2 %]!		[Final Evaluation][TOT=  222][  3 %]!		[Final Evaluation][TOT=  222][  4 %]!		[Final Evaluation][TOT=  222][  5 %]!		[Final Evaluation][TOT=  222][  6 %]!		[Final Evaluation][TOT=  222][  7 %]!		[Final Evaluation][TOT=  222][  8 %]!		[Final Evaluation][TOT=  222][  9 %]!		[Final Evaluation][TOT=  222][ 10 %]!		[Final Evaluation][TOT=  222][ 11 %]!		[Final Evaluation][TOT=  222][ 12 %]!		[Final Evaluation][TOT=  222][ 13 %]!		[Final Evaluation][TOT=  222][ 14 %]!		[Final Evaluation][TOT=  222][ 15 %]!		[Final Evaluation][TOT=  222][ 16 %]!		[Final Evaluation][TOT=  222][ 17 %]!		[Final Evaluation][TOT=  222][ 18 %]!		[Final Evaluation][TOT=  222][ 19 %]!		[Final Evaluation][TOT=  222][ 20 %]!		[Final Evaluation][TOT=  222][ 21 %]!		[Final Evaluation][TOT=  222][ 22 %]!		[Final Evaluation][TOT=  222][ 23 %]!		[Final Evaluation][TOT=  222][ 24 %]!		[Final Evaluation][TOT=  222][ 25 %]!		[Final Evaluation][TOT=  222][ 26 %]!		[Final Evaluation][TOT=  222][ 27 %]!		[Final Evaluation][TOT=  222][ 28 %]!		[Final Evaluation][TOT=  222][ 29 %]!		[Final Evaluation][TOT=  222][ 30 %]!		[Final Evaluation][TOT=  222][ 31 %]!		[Final Evaluation][TOT=  222][ 32 %]!		[Final Evaluation][TOT=  222][ 33 %]!		[Final Evaluation][TOT=  222][ 34 %]!		[Final Evaluation][TOT=  222][ 35 %]!		[Final Evaluation][TOT=  222][ 36 %]!		[Final Evaluation][TOT=  222][ 37 %]!		[Final Evaluation][TOT=  222][ 38 %]!		[Final Evaluation][TOT=  222][ 39 %]!		[Final Evaluation][TOT=  222][ 40 %]!		[Final Evaluation][TOT=  222][ 41 %]!		[Final Evaluation][TOT=  222][ 42 %]!		[Final Evaluation][TOT=  222][ 43 %]!		[Final Evaluation][TOT=  222][ 44 %]!		[Final Evaluation][TOT=  222][ 45 %]!		[Final Evaluation][TOT=  222][ 46 %]!		[Final Evaluation][TOT=  222][ 47 %]!		[Final Evaluation][TOT=  222][ 48 %]!		[Final Evaluation][TOT=  222][ 49 %]!		[Final Evaluation][TOT=  222][ 50 %]!		[Final Evaluation][TOT=  222][ 51 %]!		[Final Evaluation][TOT=  222][ 52 %]!		[Final Evaluation][TOT=  222][ 53 %]!		[Final Evaluation][TOT=  222][ 54 %]!		[Final Evaluation][TOT=  222][ 55 %]!		[Final Evaluation][TOT=  222][ 56 %]!		[Final Evaluation][TOT=  222][ 57 %]!		[Final Evaluation][TOT=  222][ 58 %]!		[Final Evaluation][TOT=  222][ 59 %]!		[Final Evaluation][TOT=  222][ 60 %]!		[Final Evaluation][TOT=  222][ 61 %]!		[Final Evaluation][TOT=  222][ 62 %]!		[Final Evaluation][TOT=  222][ 63 %]!		[Final Evaluation][TOT=  222][ 64 %]!		[Final Evaluation][TOT=  222][ 65 %]!		[Final Evaluation][TOT=  222][ 66 %]!		[Final Evaluation][TOT=  222][ 67 %]!		[Final Evaluation][TOT=  222][ 68 %]!		[Final Evaluation][TOT=  222][ 69 %]!		[Final Evaluation][TOT=  222][ 70 %]!		[Final Evaluation][TOT=  222][ 71 %]!		[Final Evaluation][TOT=  222][ 72 %]!		[Final Evaluation][TOT=  222][ 73 %]!		[Final Evaluation][TOT=  222][ 74 %]!		[Final Evaluation][TOT=  222][ 75 %]!		[Final Evaluation][TOT=  222][ 76 %]!		[Final Evaluation][TOT=  222][ 77 %]!		[Final Evaluation][TOT=  222][ 78 %]!		[Final Evaluation][TOT=  222][ 79 %]!		[Final Evaluation][TOT=  222][ 80 %]!		[Final Evaluation][TOT=  222][ 81 %]!		[Final Evaluation][TOT=  222][ 82 %]!		[Final Evaluation][TOT=  222][ 83 %]!		[Final Evaluation][TOT=  222][ 84 %]!		[Final Evaluation][TOT=  222][ 85 %]!		[Final Evaluation][TOT=  222][ 86 %]!		[Final Evaluation][TOT=  222][ 87 %]!		[Final Evaluation][TOT=  222][ 88 %]!		[Final Evaluation][TOT=  222][ 89 %]!		[Final Evaluation][TOT=  222][ 90 %]!		[Final Evaluation][TOT=  222][ 91 %]!		[Final Evaluation][TOT=  222][ 92 %]!		[Final Evaluation][TOT=  222][ 93 %]!		[Final Evaluation][TOT=  222][ 94 %]!		[Final Evaluation][TOT=  222][ 95 %]!		[Final Evaluation][TOT=  222][ 96 %]!		[Final Evaluation][TOT=  222][ 97 %]!		[Final Evaluation][TOT=  222][ 98 %]!		[Final Evaluation][TOT=  222][ 99 %]!		[Final Evaluation][TOT=  222][100 %]

PROGRAM: T-COFFEE Version_11.00 (Version_11.00)
-full_log      	S	[0] 
-genepred_score	S	[0] 	nsd
-run_name      	S	[1] 	result
-mem_mode      	S	[0] 	mem
-extend        	D	[1] 	1 
-extend_mode   	S	[0] 	very_fast_triplet
-max_n_pair    	D	[0] 	10 
-seq_name_for_quadruplet	S	[0] 	all
-compact       	S	[0] 	default
-clean         	S	[0] 	no
-do_self       	FL	[0] 	0
-do_normalise  	D	[0] 	1000 
-template_file 	S	[0] 
-setenv        	S	[0] 	0
-export        	S	[0] 	0
-template_mode 	S	[0] 
-flip          	D	[0] 	0 
-remove_template_file	D	[0] 	0 
-profile_template_file	S	[0] 
-in            	S	[1] 	SomatotropinTogether.txt
-seq           	S	[0] 
-aln           	S	[0] 
-method_limits 	S	[0] 
-method        	S	[0] 
-lib           	S	[0] 
-profile       	S	[0] 
-profile1      	S	[0] 
-profile2      	S	[0] 
-pdb           	S	[0] 
-relax_lib     	D	[0] 	1 
-filter_lib    	D	[0] 	0 
-shrink_lib    	D	[0] 	0 
-out_lib       	W_F	[0] 	no
-out_lib_mode  	S	[0] 	primary
-lib_only      	D	[0] 	0 
-outseqweight  	W_F	[0] 	no
-dpa           	FL	[0] 	0
-seq_source    	S	[0] 	ANY
-cosmetic_penalty	D	[0] 	0 
-gapopen       	D	[0] 	0 
-gapext        	D	[0] 	0 
-fgapopen      	D	[0] 	0 
-fgapext       	D	[0] 	0 
-nomatch       	D	[0] 	0 
-newtree       	W_F	[0] 	default
-tree          	W_F	[0] 	NO
-usetree       	R_F	[0] 
-tree_mode     	S	[0] 	nj
-distance_matrix_mode	S	[0] 	ktup
-distance_matrix_sim_mode	S	[0] 	idmat_sim1
-quicktree     	FL	[0] 	0
-outfile       	W_F	[0] 	default
-maximise      	FL	[1] 	1
-output        	S	[1] 	score_html	clustalw_aln	fasta_aln	score_ascii	phylip
-len           	D	[0] 	0 
-infile        	R_F	[0] 
-matrix        	S	[0] 	default
-tg_mode       	D	[0] 	1 
-profile_mode  	S	[0] 	cw_profile_profile
-profile_comparison	S	[0] 	profile
-dp_mode       	S	[0] 	linked_pair_wise
-ktuple        	D	[0] 	1 
-ndiag         	D	[0] 	0 
-diag_threshold	D	[0] 	0 
-diag_mode     	D	[0] 	0 
-sim_matrix    	S	[0] 	vasiliky
-transform     	S	[0] 
-extend_seq    	FL	[0] 	0
-outorder      	S	[1] 	input
-inorder       	S	[0] 	aligned
-seqnos        	S	[1] 	off
-case          	S	[1] 	upper
-cpu           	D	[0] 	0 
-ulimit        	D	[0] 	-1 
-maxnseq       	D	[1] 	150 
-maxlen        	D	[1] 	10000 
-sample_dp     	D	[0] 	0 
-weight        	S	[0] 	default
-seq_weight    	S	[0] 	no
-align         	FL	[1] 	1
-mocca         	FL	[0] 	0
-domain        	FL	[0] 	0
-start         	D	[0] 	0 
-len           	D	[0] 	0 
-scale         	D	[0] 	0 
-mocca_interactive	FL	[0] 	0
-method_evaluate_mode	S	[0] 	default
-color_mode    	S	[0] 	new
-aln_line_length	D	[0] 	0 
-evaluate_mode 	S	[0] 	triplet
-get_type      	FL	[0] 	0
-clean_aln     	D	[0] 	0 
-clean_threshold	D	[1] 	1 
-clean_iteration	D	[1] 	1 
-clean_evaluate_mode	S	[0] 	t_coffee_fast
-extend_matrix 	FL	[0] 	0
-prot_min_sim  	D	[40] 	40 
-prot_max_sim  	D	[90] 	90 
-prot_trim     	D	[20] 	20 
-prot_min_cov  	D	[40] 	40 
-pdb_type      	S	[0] 	d
-pdb_min_sim   	D	[35] 	35 
-pdb_max_sim   	D	[100] 	100 
-pdb_min_cov   	D	[50] 	50 
-pdb_blast_server	W_F	[0] 	EBI
-blast         	W_F	[0] 
-blast_server  	W_F	[0] 	EBI
-pdb_db        	W_F	[0] 	pdb
-protein_db    	W_F	[0] 	uniprot
-method_log    	W_F	[0] 	no
-struc_to_use  	S	[0] 
-cache         	W_F	[0] 	use
-align_pdb_param_file	W_F	[0] 	no
-align_pdb_hasch_mode	W_F	[0] 	hasch_ca_trace_bubble
-external_aligner	S	[0] 	NO
-msa_mode      	S	[0] 	tree
-et_mode       	S	[0] 	et
-master        	S	[0] 	no
-blast_nseq    	D	[0] 	0 
-lalign_n_top  	D	[0] 	10 
-iterate       	D	[0] 	0 
-trim          	D	[0] 	0 
-split         	D	[0] 	0 
-trimfile      	S	[0] 	default
-split         	D	[0] 	0 
-split_nseq_thres	D	[0] 	0 
-split_score_thres	D	[0] 	0 
-check_pdb_status	D	[0] 	0 
-clean_seq_name	D	[0] 	0 
-seq_to_keep   	S	[0] 
-dpa_master_aln	S	[0] 
-dpa_maxnseq   	D	[0] 	0 
-dpa_min_score1	D	[0] 
-dpa_min_score2	D	[0] 
-dpa_keep_tmpfile	FL	[0] 	0
-dpa_debug     	D	[0] 	0 
-multi_core    	S	[1] 	4
-n_core        	D	[0] 	0 
-max_n_proc    	D	[0] 	0 
-lib_list      	S	[0] 
-prune_lib_mode	S	[0] 	5
-tip           	S	[0] 	none
-rna_lib       	S	[0] 
-no_warning    	D	[0] 	0 
-run_local_script	D	[0] 	0 
-plugins       	S	[0] 	default
-proxy         	S	[0] 	unset
-email         	S	[0] 
-clean_overaln 	D	[0] 	0 
-overaln_param 	S	[0] 
-overaln_mode  	S	[0] 
-overaln_model 	S	[0] 
-overaln_threshold	D	[0] 	0 
-overaln_target	D	[0] 	0 
-overaln_P1    	D	[0] 	0 
-overaln_P2    	D	[0] 	0 
-overaln_P3    	D	[0] 	0 
-overaln_P4    	D	[0] 	0 
-exon_boundaries	S	[0] 
-dump          	S	[0] 	no
-display       	D	[0] 	100 

INPUT FILES
	Input File (S) SomatotropinTogether.txt  Format fasta_seq
	Input File (M) proba_pair 

Identify Master Sequences [no]:

Master Sequences Identified
INPUT SEQUENCES: 8 SEQUENCES  [PROTEIN]
  Input File SomatotropinTogether.txt Seq sp|P01241|SOMA_HUMAN Length  217 type PROTEIN Struct Unchecked
  Input File SomatotropinTogether.txt Seq sp|P01245|SOMA_HORSE Length  216 type PROTEIN Struct Unchecked
  Input File SomatotropinTogether.txt Seq sp|P10814|SOMA_SALSA Length  210 type PROTEIN Struct Unchecked
  Input File SomatotropinTogether.txt Seq sp|P34005|SOMA_CHEMY Length  191 type PROTEIN Struct Unchecked
  Input File SomatotropinTogether.txt Seq sp|P55755|SOMA_CRONO Length  190 type PROTEIN Struct Unchecked
  Input File SomatotropinTogether.txt Seq sp|P58343|SOMA_SAIBB Length  217 type PROTEIN Struct Unchecked
  Input File SomatotropinTogether.txt Seq sp|Q7YRR6|SOMA_CAMDR Length  216 type PROTEIN Struct Unchecked
  Input File SomatotropinTogether.txt Seq sp|Q9GMB2|SOMA_NYCPY Length  217 type PROTEIN Struct Unchecked

	Multi Core Mode: 16 processors:

	--- Process Method/Library/Aln SSomatotropinTogether.txt
	--- Process Method/Library/Aln Mproba_pair
	xxx Retrieved SSomatotropinTogether.txt
	xxx Retrieved Mproba_pair

	All Methods Retrieved

MANUAL PENALTIES: gapopen=0 gapext=0

	Library Total Size: [14850]

Library Relaxation: Multi_proc [1]
 
Relaxation Summary: [14850]--->[13756]



UN-WEIGHTED MODE: EVERY SEQUENCE WEIGHTS 1

MAKE GUIDE TREE 
	[MODE=nj][DONE]

PROGRESSIVE_ALIGNMENT [Tree Based]
Group    1: sp|P01241|SOMA_HUMAN
Group    2: sp|P01245|SOMA_HORSE
Group    3: sp|P10814|SOMA_SALSA
Group    4: sp|P34005|SOMA_CHEMY
Group    5: sp|P55755|SOMA_CRONO
Group    6: sp|P58343|SOMA_SAIBB
Group    7: sp|Q7YRR6|SOMA_CAMDR
Group    8: sp|Q9GMB2|SOMA_NYCPY

#Single Thread

	Group    9: [Group    6 (   1 seq)] with [Group    1 (   1 seq)]-->[Len=  217][PID:22445]
	Group   10: [Group    7 (   1 seq)] with [Group    2 (   1 seq)]-->[Len=  216][PID:22445]
	Group   11: [Group   10 (   2 seq)] with [Group    8 (   1 seq)]-->[Len=  217][PID:22445]
	Group   12: [Group    5 (   1 seq)] with [Group    4 (   1 seq)]-->[Len=  191][PID:22445]
	Group   13: [Group   12 (   2 seq)] with [Group   11 (   3 seq)]-->[Len=  217][PID:22445]
	Group   14: [Group   13 (   5 seq)] with [Group    9 (   2 seq)]-->[Len=  219][PID:22445]
	Group   15: [Group    3 (   1 seq)] with [Group   14 (   7 seq)]-->[Len=  222][PID:22445]



OUTPUT RESULTS
	#### File Type= GUIDE_TREE      Format= newick          Name= result.dnd
	#### File Type= MSA             Format= score_html      Name= result.score_html
	#### File Type= MSA             Format= clustalw_aln    Name= result.clustalw_aln
	#### File Type= MSA             Format= fasta_aln       Name= result.fasta_aln
	#### File Type= MSA             Format= score_ascii     Name= result.score_ascii
	#### File Type= MSA             Format= phylip          Name= result.phylip

# Command Line: t_coffee -in SomatotropinTogether.txt -mode regular -output score_html clustalw_aln fasta_aln score_ascii phylip -maxnseq 150 -maxlen 10000 -case upper -seqnos off -outorder input -run_name result -multi_core 4 -quiet stdout  [PROGRAM:T-COFFEE]
# T-COFFEE Memory Usage: Current= 30.198 Mb, Max= 31.579 Mb
# Results Produced with T-COFFEE Version_11.00 (Version_11.00)
# T-COFFEE is available from http://www.tcoffee.org
# Register on: https://groups.google.com/group/tcoffee/
